18:57:04.095 INFO  manager.ApplicationManager - All tests rus in FIREFOX Browser
18:57:05.551 INFO  manager.WDListener - url -->https://telranedu.web.app/home
18:57:06.424 INFO  manager.ApplicationManager - The link --->https://telranedu.web.app/home
18:57:06.447 INFO  manager.TestNGListener - start test -->Wed Mar 12 18:57:06 IST 2025
18:57:06.475 INFO  tests.TestBase - Name of method--->loginSuccess
18:57:11.531 INFO  tests.TestBase - Before method finished logout
18:57:11.533 INFO  manager.TestNGListener - start test -->loginSuccess
18:57:11.534 INFO  tests.TestBase - Start test with name 'loginSuccess'
18:57:11.637 INFO  manager.WDListener - Before click element-->a text = LOGIN
18:57:12.003 INFO  manager.WDListener - After click element-->(846, 33) text = LOGIN
18:57:12.004 INFO  manager.HelperBase - Open form by click on button with locator 'By.cssSelector("a[href='/login']")' 
18:57:12.036 INFO  manager.WDListener - Before click element-->input text = 
18:57:12.328 INFO  manager.WDListener - After click element-->(279, 250) text = 
18:57:12.328 INFO  manager.WDListener - clear element -->[[FirefoxDriver: firefox on windows (27689d00-a9e7-4cc0-ba6e-585300a01e9c)] -> name: email]
18:57:12.366 INFO  manager.WDListener - sendKys-->input
18:57:12.382 INFO  manager.WDListener - sendKys-->input
18:57:12.411 INFO  manager.WDListener - sendKys-->input
18:57:12.412 INFO  manager.HelperBase - Type in input with locator 'By.name("email")' 
18:57:12.442 INFO  manager.WDListener - Before click element-->input text = 
18:57:12.685 INFO  manager.WDListener - After click element-->(279, 320) text = 
18:57:12.685 INFO  manager.WDListener - clear element -->[[FirefoxDriver: firefox on windows (27689d00-a9e7-4cc0-ba6e-585300a01e9c)] -> xpath: //input[last()]]
18:57:12.709 INFO  manager.WDListener - sendKys-->input
18:57:12.721 INFO  manager.WDListener - sendKys-->input
18:57:12.751 INFO  manager.WDListener - sendKys-->input
18:57:12.752 INFO  tests.TestBase - Test data --> email: margo@gmail.com & password: Mmar123456$
18:57:12.786 INFO  manager.WDListener - Before click element-->button text = Login
18:57:13.959 INFO  tests.TestBase - Assert check is element button 'Sign out' present
18:57:13.962 INFO  manager.TestNGListener - start test -->loginSuccess
18:57:13.965 INFO  tests.TestBase - Name of method--->loginSuccess
18:57:14.027 INFO  manager.WDListener - Before click element-->button text = Sign Out
18:57:14.273 INFO  tests.TestBase - Before method finished logout
18:57:14.273 INFO  manager.TestNGListener - start test -->loginSuccess
18:57:14.273 INFO  tests.TestBase - Start test with name 'loginSuccess'
18:57:14.310 INFO  manager.WDListener - Before click element-->a text = LOGIN
18:57:14.554 INFO  manager.WDListener - After click element-->(846, 33) text = LOGIN
18:57:14.554 INFO  manager.HelperBase - Open form by click on button with locator 'By.cssSelector("a[href='/login']")' 
18:57:14.586 INFO  manager.WDListener - Before click element-->input text = 
18:57:14.836 INFO  manager.WDListener - After click element-->(279, 250) text = 
18:57:14.837 INFO  manager.WDListener - clear element -->[[FirefoxDriver: firefox on windows (27689d00-a9e7-4cc0-ba6e-585300a01e9c)] -> name: email]
18:57:14.858 INFO  manager.WDListener - sendKys-->input
18:57:14.876 INFO  manager.WDListener - sendKys-->input
18:57:14.901 INFO  manager.WDListener - sendKys-->input
18:57:14.901 INFO  manager.HelperBase - Type in input with locator 'By.name("email")' 
18:57:14.928 INFO  manager.WDListener - Before click element-->input text = 
18:57:15.163 INFO  manager.WDListener - After click element-->(279, 320) text = 
18:57:15.164 INFO  manager.WDListener - clear element -->[[FirefoxDriver: firefox on windows (27689d00-a9e7-4cc0-ba6e-585300a01e9c)] -> xpath: //input[last()]]
18:57:15.184 INFO  manager.WDListener - sendKys-->input
18:57:15.194 INFO  manager.WDListener - sendKys-->input
18:57:15.220 INFO  manager.WDListener - sendKys-->input
18:57:15.220 INFO  tests.TestBase - Test data --> email: mara@gmail.com & password: Mmar123456$
18:57:15.244 INFO  manager.WDListener - Before click element-->button text = Login
18:57:15.551 INFO  tests.TestBase - Assert check is element button 'Sign out' present
18:57:15.551 INFO  manager.TestNGListener - start test -->loginSuccess
18:57:15.552 INFO  tests.TestBase - Name of method--->loginSuccess
18:57:15.608 INFO  manager.WDListener - Before click element-->button text = Sign Out
18:57:15.840 INFO  tests.TestBase - Before method finished logout
18:57:15.840 INFO  manager.TestNGListener - start test -->loginSuccess
18:57:15.841 INFO  tests.TestBase - Start test with name 'loginSuccess'
18:57:15.874 INFO  manager.WDListener - Before click element-->a text = LOGIN
18:57:16.110 INFO  manager.WDListener - After click element-->(846, 33) text = LOGIN
18:57:16.110 INFO  manager.HelperBase - Open form by click on button with locator 'By.cssSelector("a[href='/login']")' 
18:57:16.140 INFO  manager.WDListener - Before click element-->input text = 
18:57:16.388 INFO  manager.WDListener - After click element-->(279, 250) text = 
18:57:16.388 INFO  manager.WDListener - clear element -->[[FirefoxDriver: firefox on windows (27689d00-a9e7-4cc0-ba6e-585300a01e9c)] -> name: email]
18:57:16.416 INFO  manager.WDListener - sendKys-->input
18:57:16.436 INFO  manager.WDListener - sendKys-->input
18:57:16.452 INFO  manager.WDListener - sendKys-->input
18:57:16.452 INFO  manager.HelperBase - Type in input with locator 'By.name("email")' 
18:57:16.482 INFO  manager.WDListener - Before click element-->input text = 
18:57:16.732 INFO  manager.WDListener - After click element-->(279, 320) text = 
18:57:16.733 INFO  manager.WDListener - clear element -->[[FirefoxDriver: firefox on windows (27689d00-a9e7-4cc0-ba6e-585300a01e9c)] -> xpath: //input[last()]]
18:57:16.754 INFO  manager.WDListener - sendKys-->input
18:57:16.778 INFO  manager.WDListener - sendKys-->input
18:57:16.796 INFO  manager.WDListener - sendKys-->input
18:57:16.796 INFO  tests.TestBase - Test data --> email: sonya@gmail.com & password: Ss12345$
18:57:16.815 INFO  manager.WDListener - Before click element-->button text = Login
18:57:17.115 INFO  tests.TestBase - Assert check is element button 'Sign out' present
18:57:17.117 INFO  manager.TestNGListener - start test -->loginSuccess
18:57:17.121 INFO  tests.TestBase - Name of method--->loginSuccessModel
18:57:17.171 INFO  manager.WDListener - Before click element-->button text = Sign Out
18:57:17.410 INFO  tests.TestBase - Before method finished logout
18:57:17.411 INFO  manager.TestNGListener - start test -->loginSuccessModel
18:57:17.412 INFO  tests.TestBase - Test data-->User{email='margo@gmail.com', password='Mmar123456$'}
18:57:17.445 INFO  manager.WDListener - Before click element-->a text = LOGIN
18:57:17.691 INFO  manager.WDListener - After click element-->(846, 33) text = LOGIN
18:57:17.691 INFO  manager.HelperBase - Open form by click on button with locator 'By.cssSelector("a[href='/login']")' 
18:57:17.724 INFO  manager.WDListener - Before click element-->input text = 
18:57:17.964 INFO  manager.WDListener - After click element-->(279, 250) text = 
18:57:17.965 INFO  manager.WDListener - clear element -->[[FirefoxDriver: firefox on windows (27689d00-a9e7-4cc0-ba6e-585300a01e9c)] -> name: email]
18:57:17.991 INFO  manager.WDListener - sendKys-->input
18:57:18.013 INFO  manager.WDListener - sendKys-->input
18:57:18.050 INFO  manager.WDListener - sendKys-->input
18:57:18.078 INFO  manager.WDListener - Before click element-->input text = 
18:57:18.323 INFO  manager.WDListener - After click element-->(279, 320) text = 
18:57:18.325 INFO  manager.WDListener - clear element -->[[FirefoxDriver: firefox on windows (27689d00-a9e7-4cc0-ba6e-585300a01e9c)] -> xpath: //input[last()]]
18:57:18.352 INFO  manager.WDListener - sendKys-->input
18:57:18.366 INFO  manager.WDListener - sendKys-->input
18:57:18.390 INFO  manager.WDListener - sendKys-->input
18:57:18.412 INFO  manager.WDListener - Before click element-->button text = Login
18:57:18.716 INFO  manager.TestNGListener - start test -->loginSuccessModel
18:57:18.718 INFO  tests.TestBase - Name of method--->loginSuccessModel
18:57:18.770 INFO  manager.WDListener - Before click element-->button text = Sign Out
18:57:19.003 INFO  tests.TestBase - Before method finished logout
18:57:19.003 INFO  manager.TestNGListener - start test -->loginSuccessModel
18:57:19.003 INFO  tests.TestBase - Test data-->User{email='mara@gmail.com', password='Mmar123456$'}
18:57:19.031 INFO  manager.WDListener - Before click element-->a text = LOGIN
18:57:19.256 INFO  manager.WDListener - After click element-->(846, 33) text = LOGIN
18:57:19.256 INFO  manager.HelperBase - Open form by click on button with locator 'By.cssSelector("a[href='/login']")' 
18:57:19.286 INFO  manager.WDListener - Before click element-->input text = 
18:57:19.523 INFO  manager.WDListener - After click element-->(279, 250) text = 
18:57:19.523 INFO  manager.WDListener - clear element -->[[FirefoxDriver: firefox on windows (27689d00-a9e7-4cc0-ba6e-585300a01e9c)] -> name: email]
18:57:19.546 INFO  manager.WDListener - sendKys-->input
18:57:19.559 INFO  manager.WDListener - sendKys-->input
18:57:19.583 INFO  manager.WDListener - sendKys-->input
18:57:19.606 INFO  manager.WDListener - Before click element-->input text = 
18:57:19.841 INFO  manager.WDListener - After click element-->(279, 320) text = 
18:57:19.842 INFO  manager.WDListener - clear element -->[[FirefoxDriver: firefox on windows (27689d00-a9e7-4cc0-ba6e-585300a01e9c)] -> xpath: //input[last()]]
18:57:19.912 INFO  manager.WDListener - sendKys-->input
18:57:19.941 INFO  manager.WDListener - sendKys-->input
18:57:19.958 INFO  manager.WDListener - sendKys-->input
18:57:19.985 INFO  manager.WDListener - Before click element-->button text = Login
18:57:20.281 INFO  manager.TestNGListener - start test -->loginSuccessModel
18:57:20.282 INFO  tests.TestBase - Name of method--->loginSuccessModel
18:57:20.313 INFO  manager.WDListener - Before click element-->button text = Sign Out
18:57:20.560 INFO  tests.TestBase - Before method finished logout
18:57:20.562 INFO  manager.TestNGListener - start test -->loginSuccessModel
18:57:20.562 INFO  tests.TestBase - Test data-->User{email='sonya@gmail.com', password='Ss12345$'}
18:57:20.586 INFO  manager.WDListener - Before click element-->a text = LOGIN
18:57:20.826 INFO  manager.WDListener - After click element-->(1164, 33) text = LOGIN
18:57:20.826 INFO  manager.HelperBase - Open form by click on button with locator 'By.cssSelector("a[href='/login']")' 
18:57:20.844 INFO  manager.WDListener - Before click element-->input text = 
18:57:21.080 INFO  manager.WDListener - After click element-->(438, 250) text = 
18:57:21.081 INFO  manager.WDListener - clear element -->[[FirefoxDriver: firefox on windows (27689d00-a9e7-4cc0-ba6e-585300a01e9c)] -> name: email]
18:57:21.098 INFO  manager.WDListener - sendKys-->input
18:57:21.116 INFO  manager.WDListener - sendKys-->input
18:57:21.139 INFO  manager.WDListener - sendKys-->input
18:57:21.160 INFO  manager.WDListener - Before click element-->input text = 
18:57:21.928 INFO  manager.WDListener - clear element -->[[FirefoxDriver: firefox on windows (27689d00-a9e7-4cc0-ba6e-585300a01e9c)] -> xpath: //input[last()]]
18:57:21.946 INFO  manager.WDListener - Huston we have a problem!
18:57:21.946 INFO  manager.WDListener - Object target--->[[FirefoxDriver: firefox on windows (27689d00-a9e7-4cc0-ba6e-585300a01e9c)] -> xpath: //input[last()]]
18:57:21.948 INFO  manager.WDListener - *******************
18:57:21.948 INFO  manager.WDListener - Method name--->clear
18:57:21.948 INFO  manager.WDListener - *******************
18:57:21.948 INFO  manager.WDListener - InvocationTargetExceptionorg.openqa.selenium.WebDriverException: Failed to decode response from marionette
Build info: version: '4.16.1', revision: '9b4c83354e'
System info: os.name: 'Windows 11', os.arch: 'amd64', os.version: '10.0', java.version: '17.0.12'
Driver info: org.openqa.selenium.firefox.FirefoxDriver
Command: [27689d00-a9e7-4cc0-ba6e-585300a01e9c, clearElement {id=f4293d4d-bac3-42c5-9502-9dc67f4c5a02}]
Capabilities {acceptInsecureCerts: true, browserName: firefox, browserVersion: 136.0.1, moz:accessibilityChecks: false, moz:buildID: 20250310180126, moz:geckodriverVersion: 0.34.0, moz:headless: false, moz:platformVersion: 10.0, moz:processID: 14936, moz:profile: C:\Users\marii\AppData\Loca..., moz:shutdownTimeout: 60000, moz:webdriverClick: true, moz:windowless: false, pageLoadStrategy: normal, platformName: windows, proxy: Proxy(), setWindowRect: true, strictFileInteractability: false, timeouts: {implicit: 0, pageLoad: 300000, script: 30000}, unhandledPromptBehavior: dismiss and notify, userAgent: Mozilla/5.0 (Windows NT 10....}
Element: [[FirefoxDriver: firefox on windows (27689d00-a9e7-4cc0-ba6e-585300a01e9c)] -> xpath: //input[last()]]
Session ID: 27689d00-a9e7-4cc0-ba6e-585300a01e9c
18:57:21.948 INFO  manager.WDListener - *******************
18:57:21.950 INFO  manager.WDListener - Screen with error is--->src/test/screenshots/screen_1553.png
18:57:21.953 INFO  manager.TestNGListener - start test -->loginSuccessModel
18:57:21.955 INFO  tests.TestBase - Name of method--->loginSuccessModelDP
18:57:21.960 INFO  manager.WDListener - Huston we have a problem!
18:57:21.960 INFO  manager.WDListener - Object target--->FirefoxDriver: firefox on windows (27689d00-a9e7-4cc0-ba6e-585300a01e9c)
18:57:21.960 INFO  manager.WDListener - *******************
18:57:21.960 INFO  manager.WDListener - Method name--->findElements
18:57:21.960 INFO  manager.WDListener - *******************
18:57:21.960 INFO  manager.WDListener - InvocationTargetExceptionorg.openqa.selenium.NoSuchSessionException: Tried to run command without establishing a connection
Build info: version: '4.16.1', revision: '9b4c83354e'
System info: os.name: 'Windows 11', os.arch: 'amd64', os.version: '10.0', java.version: '17.0.12'
Driver info: org.openqa.selenium.firefox.FirefoxDriver
Command: [27689d00-a9e7-4cc0-ba6e-585300a01e9c, findElements {using=xpath, value=//button[text() = 'Sign Out']}]
Capabilities {acceptInsecureCerts: true, browserName: firefox, browserVersion: 136.0.1, moz:accessibilityChecks: false, moz:buildID: 20250310180126, moz:geckodriverVersion: 0.34.0, moz:headless: false, moz:platformVersion: 10.0, moz:processID: 14936, moz:profile: C:\Users\marii\AppData\Loca..., moz:shutdownTimeout: 60000, moz:webdriverClick: true, moz:windowless: false, pageLoadStrategy: normal, platformName: windows, proxy: Proxy(), setWindowRect: true, strictFileInteractability: false, timeouts: {implicit: 0, pageLoad: 300000, script: 30000}, unhandledPromptBehavior: dismiss and notify, userAgent: Mozilla/5.0 (Windows NT 10....}
Session ID: 27689d00-a9e7-4cc0-ba6e-585300a01e9c
18:57:21.960 INFO  manager.WDListener - *******************
18:57:21.960 INFO  manager.WDListener - Screen with error is--->src/test/screenshots/screen_1898.png
18:57:21.968 INFO  manager.TestNGListener - start test -->loginSuccessModelDP
18:57:21.969 INFO  manager.TestNGListener - start test -->loginSuccessModelDP
18:57:21.970 INFO  manager.TestNGListener - start test -->loginSuccessModelDP
18:57:21.970 INFO  manager.TestNGListener - start test -->loginSuccessModelDP
18:57:21.971 INFO  manager.TestNGListener - start test -->loginSuccessModelDP
18:57:21.971 INFO  manager.TestNGListener - start test -->loginSuccessModelDP
18:57:21.972 INFO  manager.TestNGListener - start test -->loginUnregisteredUser
18:57:21.972 INFO  manager.TestNGListener - start test -->loginUnregisteredUser
18:57:21.972 INFO  manager.TestNGListener - start test -->loginWrongEmail
18:57:21.972 INFO  manager.TestNGListener - start test -->loginWrongEmail
18:57:21.974 INFO  manager.TestNGListener - start test -->loginWrongPassword
18:57:21.975 INFO  manager.TestNGListener - start test -->loginWrongPassword
18:57:21.979 INFO  tests.TestBase - Name of method--->registrationExistsUser
18:57:21.988 INFO  manager.WDListener - Huston we have a problem!
18:57:21.988 INFO  manager.WDListener - Object target--->FirefoxDriver: firefox on windows (27689d00-a9e7-4cc0-ba6e-585300a01e9c)
18:57:21.989 INFO  manager.WDListener - *******************
18:57:21.989 INFO  manager.WDListener - Method name--->findElements
18:57:21.989 INFO  manager.WDListener - *******************
18:57:21.989 INFO  manager.WDListener - InvocationTargetExceptionorg.openqa.selenium.NoSuchSessionException: Tried to run command without establishing a connection
Build info: version: '4.16.1', revision: '9b4c83354e'
System info: os.name: 'Windows 11', os.arch: 'amd64', os.version: '10.0', java.version: '17.0.12'
Driver info: org.openqa.selenium.firefox.FirefoxDriver
Command: [27689d00-a9e7-4cc0-ba6e-585300a01e9c, findElements {using=xpath, value=//button[text() = 'Sign Out']}]
Capabilities {acceptInsecureCerts: true, browserName: firefox, browserVersion: 136.0.1, moz:accessibilityChecks: false, moz:buildID: 20250310180126, moz:geckodriverVersion: 0.34.0, moz:headless: false, moz:platformVersion: 10.0, moz:processID: 14936, moz:profile: C:\Users\marii\AppData\Loca..., moz:shutdownTimeout: 60000, moz:webdriverClick: true, moz:windowless: false, pageLoadStrategy: normal, platformName: windows, proxy: Proxy(), setWindowRect: true, strictFileInteractability: false, timeouts: {implicit: 0, pageLoad: 300000, script: 30000}, unhandledPromptBehavior: dismiss and notify, userAgent: Mozilla/5.0 (Windows NT 10....}
Session ID: 27689d00-a9e7-4cc0-ba6e-585300a01e9c
18:57:21.989 INFO  manager.WDListener - *******************
18:57:21.989 INFO  manager.WDListener - Screen with error is--->src/test/screenshots/screen_1307.png
18:57:22.008 INFO  manager.TestNGListener - start test -->registrationExistsUser
18:57:22.009 INFO  manager.TestNGListener - start test -->registrationExistsUser
18:57:22.018 INFO  manager.WDListener - Huston we have a problem!
18:57:22.019 INFO  manager.WDListener - Object target--->FirefoxDriver: firefox on windows (27689d00-a9e7-4cc0-ba6e-585300a01e9c)
18:57:22.019 INFO  manager.WDListener - *******************
18:57:22.019 INFO  manager.WDListener - Method name--->findElements
18:57:22.019 INFO  manager.WDListener - *******************
18:57:22.019 INFO  manager.WDListener - InvocationTargetExceptionorg.openqa.selenium.NoSuchSessionException: Tried to run command without establishing a connection
Build info: version: '4.16.1', revision: '9b4c83354e'
System info: os.name: 'Windows 11', os.arch: 'amd64', os.version: '10.0', java.version: '17.0.12'
Driver info: org.openqa.selenium.firefox.FirefoxDriver
Command: [27689d00-a9e7-4cc0-ba6e-585300a01e9c, findElements {using=xpath, value=//button[text() = 'Sign Out']}]
Capabilities {acceptInsecureCerts: true, browserName: firefox, browserVersion: 136.0.1, moz:accessibilityChecks: false, moz:buildID: 20250310180126, moz:geckodriverVersion: 0.34.0, moz:headless: false, moz:platformVersion: 10.0, moz:processID: 14936, moz:profile: C:\Users\marii\AppData\Loca..., moz:shutdownTimeout: 60000, moz:webdriverClick: true, moz:windowless: false, pageLoadStrategy: normal, platformName: windows, proxy: Proxy(), setWindowRect: true, strictFileInteractability: false, timeouts: {implicit: 0, pageLoad: 300000, script: 30000}, unhandledPromptBehavior: dismiss and notify, userAgent: Mozilla/5.0 (Windows NT 10....}
Session ID: 27689d00-a9e7-4cc0-ba6e-585300a01e9c
18:57:22.019 INFO  manager.WDListener - *******************
18:57:22.019 INFO  manager.WDListener - Screen with error is--->src/test/screenshots/screen_1110.png
18:57:22.026 INFO  manager.TestNGListener - start test -->registrationSuccess
18:57:22.026 INFO  manager.TestNGListener - start test -->registrationSuccess
18:57:22.033 INFO  manager.WDListener - Huston we have a problem!
18:57:22.033 INFO  manager.WDListener - Object target--->FirefoxDriver: firefox on windows (27689d00-a9e7-4cc0-ba6e-585300a01e9c)
18:57:22.033 INFO  manager.WDListener - *******************
18:57:22.034 INFO  manager.WDListener - Method name--->findElements
18:57:22.034 INFO  manager.WDListener - *******************
18:57:22.034 INFO  manager.WDListener - InvocationTargetExceptionorg.openqa.selenium.NoSuchSessionException: Tried to run command without establishing a connection
Build info: version: '4.16.1', revision: '9b4c83354e'
System info: os.name: 'Windows 11', os.arch: 'amd64', os.version: '10.0', java.version: '17.0.12'
Driver info: org.openqa.selenium.firefox.FirefoxDriver
Command: [27689d00-a9e7-4cc0-ba6e-585300a01e9c, findElements {using=xpath, value=//button[text() = 'Sign Out']}]
Capabilities {acceptInsecureCerts: true, browserName: firefox, browserVersion: 136.0.1, moz:accessibilityChecks: false, moz:buildID: 20250310180126, moz:geckodriverVersion: 0.34.0, moz:headless: false, moz:platformVersion: 10.0, moz:processID: 14936, moz:profile: C:\Users\marii\AppData\Loca..., moz:shutdownTimeout: 60000, moz:webdriverClick: true, moz:windowless: false, pageLoadStrategy: normal, platformName: windows, proxy: Proxy(), setWindowRect: true, strictFileInteractability: false, timeouts: {implicit: 0, pageLoad: 300000, script: 30000}, unhandledPromptBehavior: dismiss and notify, userAgent: Mozilla/5.0 (Windows NT 10....}
Session ID: 27689d00-a9e7-4cc0-ba6e-585300a01e9c
18:57:22.034 INFO  manager.WDListener - *******************
18:57:22.034 INFO  manager.WDListener - Screen with error is--->src/test/screenshots/screen_1373.png
18:57:22.040 INFO  manager.TestNGListener - start test -->registrationWrongEmail
18:57:22.041 INFO  manager.TestNGListener - start test -->registrationWrongEmail
18:57:22.059 INFO  manager.WDListener - Huston we have a problem!
18:57:22.060 INFO  manager.WDListener - Object target--->FirefoxDriver: firefox on windows (27689d00-a9e7-4cc0-ba6e-585300a01e9c)
18:57:22.060 INFO  manager.WDListener - *******************
18:57:22.060 INFO  manager.WDListener - Method name--->findElements
18:57:22.060 INFO  manager.WDListener - *******************
18:57:22.060 INFO  manager.WDListener - InvocationTargetExceptionorg.openqa.selenium.NoSuchSessionException: Tried to run command without establishing a connection
Build info: version: '4.16.1', revision: '9b4c83354e'
System info: os.name: 'Windows 11', os.arch: 'amd64', os.version: '10.0', java.version: '17.0.12'
Driver info: org.openqa.selenium.firefox.FirefoxDriver
Command: [27689d00-a9e7-4cc0-ba6e-585300a01e9c, findElements {using=xpath, value=//button[text() = 'Sign Out']}]
Capabilities {acceptInsecureCerts: true, browserName: firefox, browserVersion: 136.0.1, moz:accessibilityChecks: false, moz:buildID: 20250310180126, moz:geckodriverVersion: 0.34.0, moz:headless: false, moz:platformVersion: 10.0, moz:processID: 14936, moz:profile: C:\Users\marii\AppData\Loca..., moz:shutdownTimeout: 60000, moz:webdriverClick: true, moz:windowless: false, pageLoadStrategy: normal, platformName: windows, proxy: Proxy(), setWindowRect: true, strictFileInteractability: false, timeouts: {implicit: 0, pageLoad: 300000, script: 30000}, unhandledPromptBehavior: dismiss and notify, userAgent: Mozilla/5.0 (Windows NT 10....}
Session ID: 27689d00-a9e7-4cc0-ba6e-585300a01e9c
18:57:22.060 INFO  manager.WDListener - *******************
18:57:22.060 INFO  manager.WDListener - Screen with error is--->src/test/screenshots/screen_1403.png
18:57:22.071 INFO  manager.TestNGListener - start test -->registrationWrongPassword
18:57:22.072 INFO  manager.TestNGListener - start test -->registrationWrongPassword
18:57:22.078 INFO  manager.TestNGListener - end test -->Wed Mar 12 18:57:22 IST 2025
18:57:22.176 INFO  manager.WDListener - Huston we have a problem!
18:57:22.177 INFO  manager.WDListener - Object target--->FirefoxDriver: firefox on windows (null)
18:57:22.177 INFO  manager.WDListener - *******************
18:57:22.177 INFO  manager.WDListener - Method name--->quit
18:57:22.177 INFO  manager.WDListener - *******************
18:57:22.177 INFO  manager.WDListener - InvocationTargetExceptionorg.openqa.selenium.NoSuchSessionException: Tried to run command without establishing a connection
Build info: version: '4.16.1', revision: '9b4c83354e'
System info: os.name: 'Windows 11', os.arch: 'amd64', os.version: '10.0', java.version: '17.0.12'
Driver info: org.openqa.selenium.firefox.FirefoxDriver
Command: [27689d00-a9e7-4cc0-ba6e-585300a01e9c, quit {}]
Capabilities {acceptInsecureCerts: true, browserName: firefox, browserVersion: 136.0.1, moz:accessibilityChecks: false, moz:buildID: 20250310180126, moz:geckodriverVersion: 0.34.0, moz:headless: false, moz:platformVersion: 10.0, moz:processID: 14936, moz:profile: C:\Users\marii\AppData\Loca..., moz:shutdownTimeout: 60000, moz:webdriverClick: true, moz:windowless: false, pageLoadStrategy: normal, platformName: windows, proxy: Proxy(), setWindowRect: true, strictFileInteractability: false, timeouts: {implicit: 0, pageLoad: 300000, script: 30000}, unhandledPromptBehavior: dismiss and notify, userAgent: Mozilla/5.0 (Windows NT 10....}
Session ID: 27689d00-a9e7-4cc0-ba6e-585300a01e9c
18:57:22.177 INFO  manager.WDListener - *******************
18:57:22.177 INFO  manager.WDListener - Screen with error is--->src/test/screenshots/screen_1991.png
