18:52:51.810 INFO  manager.ApplicationManager - All tests rus in Chrom Browser
18:52:52.316 INFO  manager.WDListener - url -->https://telranedu.web.app/home
18:52:52.919 INFO  manager.ApplicationManager - The link --->https://telranedu.web.app/home
18:52:52.939 INFO  manager.TestNGListener - start test -->Sun Mar 09 18:52:52 IST 2025
18:52:58.073 INFO  manager.WDListener - Before click element-->a text = LOGIN
18:52:58.221 INFO  manager.WDListener - After click element-->(1808, 33) text = LOGIN
18:52:58.221 INFO  manager.HelperBase - Open form by click on button with locator 'By.cssSelector("a[href='/login']")' 
18:52:58.271 INFO  manager.WDListener - Before click element-->input text = 
18:52:58.381 INFO  manager.WDListener - After click element-->(760, 250) text = 
18:52:58.381 INFO  manager.WDListener - clear element -->[[ChromeDriver: chrome on windows (850e407cefe0bfec2a90e851b772ee8b)] -> name: email]
18:52:58.448 INFO  manager.WDListener - sendKys-->input
18:52:58.484 INFO  manager.WDListener - sendKys-->input
18:52:58.533 INFO  manager.WDListener - sendKys-->input
18:52:58.569 INFO  manager.WDListener - Before click element-->input text = 
18:52:58.633 INFO  manager.WDListener - After click element-->(760, 320) text = 
18:52:58.634 INFO  manager.WDListener - clear element -->[[ChromeDriver: chrome on windows (850e407cefe0bfec2a90e851b772ee8b)] -> xpath: //input[last()]]
18:52:58.677 INFO  manager.WDListener - sendKys-->input
18:52:58.708 INFO  manager.WDListener - sendKys-->input
18:52:58.754 INFO  manager.WDListener - sendKys-->input
18:52:58.797 INFO  manager.WDListener - Before click element-->button text = Login
18:52:58.899 INFO  tests.TestBase - Name of method--->addNewContactWrongPhone
18:52:58.900 INFO  manager.TestNGListener - start test -->addNewContactWrongPhone
18:52:58.908 INFO  tests.TestBase - Tests run with data: --->Contact(name=John, lastName=Wick, phone=123, email=john@gmail.com, address=NY, description=John)
18:52:59.829 INFO  manager.WDListener - Before click element-->a text = ADD
18:52:59.969 INFO  manager.WDListener - After click element-->(1509, 33) text = ADD
18:53:00.045 INFO  manager.WDListener - Before click element-->input text = 
18:53:00.125 INFO  manager.WDListener - After click element-->(300, 165) text = 
18:53:00.126 INFO  manager.WDListener - clear element -->[[ChromeDriver: chrome on windows (850e407cefe0bfec2a90e851b772ee8b)] -> css selector: [placeholder='Name']]
18:53:00.181 INFO  manager.WDListener - sendKys-->input
18:53:00.208 INFO  manager.WDListener - sendKys-->input
18:53:00.238 INFO  manager.WDListener - sendKys-->input
18:53:00.273 INFO  manager.WDListener - Before click element-->input text = 
18:53:00.349 INFO  manager.WDListener - After click element-->(300, 239) text = 
18:53:00.349 INFO  manager.WDListener - clear element -->[[ChromeDriver: chrome on windows (850e407cefe0bfec2a90e851b772ee8b)] -> css selector: [placeholder='Last Name']]
18:53:00.392 INFO  manager.WDListener - sendKys-->input
18:53:00.422 INFO  manager.WDListener - sendKys-->input
18:53:00.461 INFO  manager.WDListener - sendKys-->input
18:53:00.506 INFO  manager.WDListener - Before click element-->input text = 
18:53:00.581 INFO  manager.WDListener - After click element-->(300, 313) text = 
18:53:00.582 INFO  manager.WDListener - clear element -->[[ChromeDriver: chrome on windows (850e407cefe0bfec2a90e851b772ee8b)] -> css selector: [placeholder='Phone']]
18:53:00.651 INFO  manager.WDListener - sendKys-->input
18:53:00.684 INFO  manager.WDListener - sendKys-->input
18:53:00.745 INFO  manager.WDListener - sendKys-->input
18:53:00.797 INFO  manager.WDListener - Before click element-->input text = 
18:53:00.883 INFO  manager.WDListener - After click element-->(300, 387) text = 
18:53:00.883 INFO  manager.WDListener - clear element -->[[ChromeDriver: chrome on windows (850e407cefe0bfec2a90e851b772ee8b)] -> css selector: [placeholder='email']]
18:53:00.957 INFO  manager.WDListener - sendKys-->input
18:53:00.991 INFO  manager.WDListener - sendKys-->input
18:53:01.043 INFO  manager.WDListener - sendKys-->input
18:53:01.082 INFO  manager.WDListener - Before click element-->input text = 
18:53:01.165 INFO  manager.WDListener - After click element-->(300, 461) text = 
18:53:01.166 INFO  manager.WDListener - clear element -->[[ChromeDriver: chrome on windows (850e407cefe0bfec2a90e851b772ee8b)] -> css selector: [placeholder='Address']]
18:53:01.230 INFO  manager.WDListener - sendKys-->input
18:53:01.269 INFO  manager.WDListener - sendKys-->input
18:53:01.305 INFO  manager.WDListener - sendKys-->input
18:53:01.341 INFO  manager.WDListener - Before click element-->input text = 
18:53:01.421 INFO  manager.WDListener - After click element-->(300, 535) text = 
18:53:01.421 INFO  manager.WDListener - clear element -->[[ChromeDriver: chrome on windows (850e407cefe0bfec2a90e851b772ee8b)] -> css selector: [placeholder='description']]
18:53:01.486 INFO  manager.WDListener - sendKys-->input
18:53:01.539 INFO  manager.WDListener - sendKys-->input
18:53:01.589 INFO  manager.WDListener - sendKys-->input
18:53:01.642 INFO  manager.WDListener - Before click element-->b text = Save
18:53:01.720 INFO  manager.WDListener - After click element-->(951, 622) text = Save
18:53:01.759 INFO  manager.WDListener - Huston we have a problem!
18:53:01.759 INFO  manager.WDListener - Object target--->org.openqa.selenium.remote.RemoteWebDriver$RemoteTargetLocator@7b61bf11
18:53:01.760 INFO  manager.WDListener - *******************
18:53:01.760 INFO  manager.WDListener - Method name--->alert
18:53:01.760 INFO  manager.WDListener - *******************
18:53:01.760 INFO  manager.WDListener - InvocationTargetExceptionorg.openqa.selenium.NoAlertPresentException: no such alert
  (Session info: chrome=134.0.6998.36)
Build info: version: '4.16.1', revision: '9b4c83354e'
System info: os.name: 'Windows 11', os.arch: 'amd64', os.version: '10.0', java.version: '11.0.21'
Driver info: org.openqa.selenium.chrome.ChromeDriver
Command: [850e407cefe0bfec2a90e851b772ee8b, getAlertText {}]
Capabilities {acceptInsecureCerts: false, browserName: chrome, browserVersion: 134.0.6998.36, chrome: {chromedriverVersion: 134.0.6998.35 (ea6ef4c2ac15..., userDataDir: C:\Users\marii\AppData\Loca...}, fedcm:accounts: true, goog:chromeOptions: {debuggerAddress: localhost:50201}, networkConnectionEnabled: false, pageLoadStrategy: normal, platformName: windows, proxy: Proxy(), se:cdp: ws://localhost:50201/devtoo..., se:cdpVersion: 134.0.6998.36, setWindowRect: true, strictFileInteractability: false, timeouts: {implicit: 0, pageLoad: 300000, script: 30000}, unhandledPromptBehavior: dismiss and notify, webauthn:extension:credBlob: true, webauthn:extension:largeBlob: true, webauthn:extension:minPinLength: true, webauthn:extension:prf: true, webauthn:virtualAuthenticators: true}
Session ID: 850e407cefe0bfec2a90e851b772ee8b
18:53:01.760 INFO  manager.WDListener - *******************
18:53:01.762 INFO  manager.WDListener - Screen with error is--->src/test/screenshots/screen_1446.png
18:53:02.310 INFO  manager.TestNGListener - start test -->addNewContactWrongPhone
18:53:02.312 INFO  tests.TestBase - Name of method--->addNewContactWrongPhone
18:53:02.315 INFO  manager.TestNGListener - start test -->addNewContactWrongPhone
18:53:02.318 INFO  tests.TestBase - Tests run with data: --->Contact(name=John, lastName=Wick, phone=12345695632145789652, email=john@gmail.com, address=NY, description=John)
18:53:02.412 INFO  manager.WDListener - Before click element-->a text = ADD
18:53:02.542 INFO  manager.WDListener - After click element-->(1509, 33) text = ADD
18:53:02.573 INFO  manager.WDListener - Before click element-->input text = 
18:53:02.648 INFO  manager.WDListener - After click element-->(300, 165) text = 
18:53:02.648 INFO  manager.WDListener - clear element -->[[ChromeDriver: chrome on windows (850e407cefe0bfec2a90e851b772ee8b)] -> css selector: [placeholder='Name']]
18:53:02.726 INFO  manager.WDListener - sendKys-->input
18:53:02.752 INFO  manager.WDListener - sendKys-->input
18:53:02.785 INFO  manager.WDListener - sendKys-->input
18:53:02.815 INFO  manager.WDListener - Before click element-->input text = 
18:53:02.874 INFO  manager.WDListener - After click element-->(300, 239) text = 
18:53:02.874 INFO  manager.WDListener - clear element -->[[ChromeDriver: chrome on windows (850e407cefe0bfec2a90e851b772ee8b)] -> css selector: [placeholder='Last Name']]
18:53:02.944 INFO  manager.WDListener - sendKys-->input
18:53:02.974 INFO  manager.WDListener - sendKys-->input
18:53:03.005 INFO  manager.WDListener - sendKys-->input
18:53:03.035 INFO  manager.WDListener - Before click element-->input text = 
18:53:03.102 INFO  manager.WDListener - After click element-->(300, 313) text = 
18:53:03.103 INFO  manager.WDListener - clear element -->[[ChromeDriver: chrome on windows (850e407cefe0bfec2a90e851b772ee8b)] -> css selector: [placeholder='Phone']]
18:53:03.188 INFO  manager.WDListener - sendKys-->input
18:53:03.218 INFO  manager.WDListener - sendKys-->input
18:53:03.275 INFO  manager.WDListener - sendKys-->input
18:53:03.301 INFO  manager.WDListener - Before click element-->input text = 
18:53:03.365 INFO  manager.WDListener - After click element-->(300, 387) text = 
18:53:03.366 INFO  manager.WDListener - clear element -->[[ChromeDriver: chrome on windows (850e407cefe0bfec2a90e851b772ee8b)] -> css selector: [placeholder='email']]
18:53:03.451 INFO  manager.WDListener - sendKys-->input
18:53:03.485 INFO  manager.WDListener - sendKys-->input
18:53:03.546 INFO  manager.WDListener - sendKys-->input
18:53:03.586 INFO  manager.WDListener - Before click element-->input text = 
18:53:03.653 INFO  manager.WDListener - After click element-->(300, 461) text = 
18:53:03.653 INFO  manager.WDListener - clear element -->[[ChromeDriver: chrome on windows (850e407cefe0bfec2a90e851b772ee8b)] -> css selector: [placeholder='Address']]
18:53:03.723 INFO  manager.WDListener - sendKys-->input
18:53:03.774 INFO  manager.WDListener - sendKys-->input
18:53:03.813 INFO  manager.WDListener - sendKys-->input
18:53:03.855 INFO  manager.WDListener - Before click element-->input text = 
18:53:03.931 INFO  manager.WDListener - After click element-->(300, 535) text = 
18:53:03.931 INFO  manager.WDListener - clear element -->[[ChromeDriver: chrome on windows (850e407cefe0bfec2a90e851b772ee8b)] -> css selector: [placeholder='description']]
18:53:04.006 INFO  manager.WDListener - sendKys-->input
18:53:04.067 INFO  manager.WDListener - sendKys-->input
18:53:04.116 INFO  manager.WDListener - sendKys-->input
18:53:04.152 INFO  manager.WDListener - Before click element-->b text = Save
18:53:04.244 INFO  manager.WDListener - After click element-->(951, 622) text = Save
18:53:04.267 INFO  manager.WDListener - Huston we have a problem!
18:53:04.267 INFO  manager.WDListener - Object target--->org.openqa.selenium.remote.RemoteWebDriver$RemoteTargetLocator@6bbab114
18:53:04.267 INFO  manager.WDListener - *******************
18:53:04.267 INFO  manager.WDListener - Method name--->alert
18:53:04.267 INFO  manager.WDListener - *******************
18:53:04.267 INFO  manager.WDListener - InvocationTargetExceptionorg.openqa.selenium.NoAlertPresentException: no such alert
  (Session info: chrome=134.0.6998.36)
Build info: version: '4.16.1', revision: '9b4c83354e'
System info: os.name: 'Windows 11', os.arch: 'amd64', os.version: '10.0', java.version: '11.0.21'
Driver info: org.openqa.selenium.chrome.ChromeDriver
Command: [850e407cefe0bfec2a90e851b772ee8b, getAlertText {}]
Capabilities {acceptInsecureCerts: false, browserName: chrome, browserVersion: 134.0.6998.36, chrome: {chromedriverVersion: 134.0.6998.35 (ea6ef4c2ac15..., userDataDir: C:\Users\marii\AppData\Loca...}, fedcm:accounts: true, goog:chromeOptions: {debuggerAddress: localhost:50201}, networkConnectionEnabled: false, pageLoadStrategy: normal, platformName: windows, proxy: Proxy(), se:cdp: ws://localhost:50201/devtoo..., se:cdpVersion: 134.0.6998.36, setWindowRect: true, strictFileInteractability: false, timeouts: {implicit: 0, pageLoad: 300000, script: 30000}, unhandledPromptBehavior: dismiss and notify, webauthn:extension:credBlob: true, webauthn:extension:largeBlob: true, webauthn:extension:minPinLength: true, webauthn:extension:prf: true, webauthn:virtualAuthenticators: true}
Session ID: 850e407cefe0bfec2a90e851b772ee8b
18:53:04.268 INFO  manager.WDListener - *******************
18:53:04.268 INFO  manager.WDListener - Screen with error is--->src/test/screenshots/screen_1951.png
18:53:04.799 INFO  manager.TestNGListener - start test -->addNewContactWrongPhone
18:53:04.799 INFO  tests.TestBase - Name of method--->addNewContactWrongPhone
18:53:04.800 INFO  manager.TestNGListener - start test -->addNewContactWrongPhone
18:53:04.800 INFO  tests.TestBase - Tests run with data: --->Contact(name=John, lastName=Wick, phone=, email=john@gmail.com, address=NY, description=John)
18:53:04.844 INFO  manager.WDListener - Before click element-->a text = ADD
18:53:04.977 INFO  manager.WDListener - After click element-->(1509, 33) text = ADD
18:53:05.013 INFO  manager.WDListener - Before click element-->input text = 
18:53:05.090 INFO  manager.WDListener - After click element-->(300, 165) text = 
18:53:05.090 INFO  manager.WDListener - clear element -->[[ChromeDriver: chrome on windows (850e407cefe0bfec2a90e851b772ee8b)] -> css selector: [placeholder='Name']]
18:53:05.153 INFO  manager.WDListener - sendKys-->input
18:53:05.184 INFO  manager.WDListener - sendKys-->input
18:53:05.215 INFO  manager.WDListener - sendKys-->input
18:53:05.245 INFO  manager.WDListener - Before click element-->input text = 
18:53:05.301 INFO  manager.WDListener - After click element-->(300, 239) text = 
18:53:05.301 INFO  manager.WDListener - clear element -->[[ChromeDriver: chrome on windows (850e407cefe0bfec2a90e851b772ee8b)] -> css selector: [placeholder='Last Name']]
18:53:05.383 INFO  manager.WDListener - sendKys-->input
18:53:05.413 INFO  manager.WDListener - sendKys-->input
18:53:05.443 INFO  manager.WDListener - sendKys-->input
18:53:05.469 INFO  manager.WDListener - Before click element-->input text = 
18:53:05.528 INFO  manager.WDListener - After click element-->(300, 313) text = 
18:53:05.528 INFO  manager.WDListener - clear element -->[[ChromeDriver: chrome on windows (850e407cefe0bfec2a90e851b772ee8b)] -> css selector: [placeholder='Phone']]
18:53:05.606 INFO  manager.WDListener - sendKys-->input
18:53:05.636 INFO  manager.WDListener - sendKys-->input
18:53:05.662 INFO  manager.WDListener - sendKys-->input
18:53:05.686 INFO  manager.WDListener - Before click element-->input text = 
18:53:05.744 INFO  manager.WDListener - After click element-->(300, 387) text = 
18:53:05.744 INFO  manager.WDListener - clear element -->[[ChromeDriver: chrome on windows (850e407cefe0bfec2a90e851b772ee8b)] -> css selector: [placeholder='email']]
18:53:05.823 INFO  manager.WDListener - sendKys-->input
18:53:05.856 INFO  manager.WDListener - sendKys-->input
18:53:05.904 INFO  manager.WDListener - sendKys-->input
18:53:05.933 INFO  manager.WDListener - Before click element-->input text = 
18:53:06.002 INFO  manager.WDListener - After click element-->(300, 461) text = 
18:53:06.003 INFO  manager.WDListener - clear element -->[[ChromeDriver: chrome on windows (850e407cefe0bfec2a90e851b772ee8b)] -> css selector: [placeholder='Address']]
18:53:06.110 INFO  manager.WDListener - sendKys-->input
18:53:06.154 INFO  manager.WDListener - sendKys-->input
18:53:06.186 INFO  manager.WDListener - sendKys-->input
18:53:06.215 INFO  manager.WDListener - Before click element-->input text = 
18:53:06.272 INFO  manager.WDListener - After click element-->(300, 535) text = 
18:53:06.272 INFO  manager.WDListener - clear element -->[[ChromeDriver: chrome on windows (850e407cefe0bfec2a90e851b772ee8b)] -> css selector: [placeholder='description']]
18:53:06.351 INFO  manager.WDListener - sendKys-->input
18:53:06.383 INFO  manager.WDListener - sendKys-->input
18:53:06.415 INFO  manager.WDListener - sendKys-->input
18:53:06.445 INFO  manager.WDListener - Before click element-->b text = Save
18:53:06.503 INFO  manager.WDListener - After click element-->(951, 622) text = Save
18:53:06.522 INFO  manager.WDListener - Huston we have a problem!
18:53:06.522 INFO  manager.WDListener - Object target--->org.openqa.selenium.remote.RemoteWebDriver$RemoteTargetLocator@322204dc
18:53:06.522 INFO  manager.WDListener - *******************
18:53:06.522 INFO  manager.WDListener - Method name--->alert
18:53:06.522 INFO  manager.WDListener - *******************
18:53:06.522 INFO  manager.WDListener - InvocationTargetExceptionorg.openqa.selenium.NoAlertPresentException: no such alert
  (Session info: chrome=134.0.6998.36)
Build info: version: '4.16.1', revision: '9b4c83354e'
System info: os.name: 'Windows 11', os.arch: 'amd64', os.version: '10.0', java.version: '11.0.21'
Driver info: org.openqa.selenium.chrome.ChromeDriver
Command: [850e407cefe0bfec2a90e851b772ee8b, getAlertText {}]
Capabilities {acceptInsecureCerts: false, browserName: chrome, browserVersion: 134.0.6998.36, chrome: {chromedriverVersion: 134.0.6998.35 (ea6ef4c2ac15..., userDataDir: C:\Users\marii\AppData\Loca...}, fedcm:accounts: true, goog:chromeOptions: {debuggerAddress: localhost:50201}, networkConnectionEnabled: false, pageLoadStrategy: normal, platformName: windows, proxy: Proxy(), se:cdp: ws://localhost:50201/devtoo..., se:cdpVersion: 134.0.6998.36, setWindowRect: true, strictFileInteractability: false, timeouts: {implicit: 0, pageLoad: 300000, script: 30000}, unhandledPromptBehavior: dismiss and notify, webauthn:extension:credBlob: true, webauthn:extension:largeBlob: true, webauthn:extension:minPinLength: true, webauthn:extension:prf: true, webauthn:virtualAuthenticators: true}
Session ID: 850e407cefe0bfec2a90e851b772ee8b
18:53:06.522 INFO  manager.WDListener - *******************
18:53:06.522 INFO  manager.WDListener - Screen with error is--->src/test/screenshots/screen_1874.png
18:53:07.047 INFO  manager.TestNGListener - start test -->addNewContactWrongPhone
18:53:07.049 INFO  tests.TestBase - Name of method--->addNewContactWrongPhone
18:53:07.049 INFO  manager.TestNGListener - start test -->addNewContactWrongPhone
18:53:07.049 INFO  tests.TestBase - Tests run with data: --->Contact(name=John, lastName=Wick, phone=wwwwwwwwwwww, email=john@gmail.com, address=NY, description=John)
18:53:07.105 INFO  manager.WDListener - Before click element-->a text = ADD
18:53:07.246 INFO  manager.WDListener - After click element-->(1509, 33) text = ADD
18:53:07.283 INFO  manager.WDListener - Before click element-->input text = 
18:53:07.352 INFO  manager.WDListener - After click element-->(300, 165) text = 
18:53:07.352 INFO  manager.WDListener - clear element -->[[ChromeDriver: chrome on windows (850e407cefe0bfec2a90e851b772ee8b)] -> css selector: [placeholder='Name']]
18:53:07.432 INFO  manager.WDListener - sendKys-->input
18:53:07.463 INFO  manager.WDListener - sendKys-->input
18:53:07.500 INFO  manager.WDListener - sendKys-->input
18:53:07.528 INFO  manager.WDListener - Before click element-->input text = 
18:53:07.613 INFO  manager.WDListener - After click element-->(300, 239) text = 
18:53:07.613 INFO  manager.WDListener - clear element -->[[ChromeDriver: chrome on windows (850e407cefe0bfec2a90e851b772ee8b)] -> css selector: [placeholder='Last Name']]
18:53:07.736 INFO  manager.WDListener - sendKys-->input
18:53:07.823 INFO  manager.WDListener - sendKys-->input
18:53:07.943 INFO  manager.WDListener - sendKys-->input
18:53:08.011 INFO  manager.WDListener - Before click element-->input text = 
18:53:08.107 INFO  manager.WDListener - After click element-->(300, 313) text = 
18:53:08.108 INFO  manager.WDListener - clear element -->[[ChromeDriver: chrome on windows (850e407cefe0bfec2a90e851b772ee8b)] -> css selector: [placeholder='Phone']]
18:53:08.194 INFO  manager.WDListener - sendKys-->input
18:53:08.228 INFO  manager.WDListener - sendKys-->input
18:53:08.275 INFO  manager.WDListener - sendKys-->input
18:53:08.300 INFO  manager.WDListener - Before click element-->input text = 
18:53:08.368 INFO  manager.WDListener - After click element-->(300, 387) text = 
18:53:08.368 INFO  manager.WDListener - clear element -->[[ChromeDriver: chrome on windows (850e407cefe0bfec2a90e851b772ee8b)] -> css selector: [placeholder='email']]
18:53:08.443 INFO  manager.WDListener - sendKys-->input
18:53:08.472 INFO  manager.WDListener - sendKys-->input
18:53:08.520 INFO  manager.WDListener - sendKys-->input
18:53:08.546 INFO  manager.WDListener - Before click element-->input text = 
18:53:08.604 INFO  manager.WDListener - After click element-->(300, 461) text = 
18:53:08.604 INFO  manager.WDListener - clear element -->[[ChromeDriver: chrome on windows (850e407cefe0bfec2a90e851b772ee8b)] -> css selector: [placeholder='Address']]
18:53:08.707 INFO  manager.WDListener - sendKys-->input
18:53:08.751 INFO  manager.WDListener - sendKys-->input
18:53:08.801 INFO  manager.WDListener - sendKys-->input
18:53:08.840 INFO  manager.WDListener - Before click element-->input text = 
18:53:08.908 INFO  manager.WDListener - After click element-->(300, 535) text = 
18:53:08.908 INFO  manager.WDListener - clear element -->[[ChromeDriver: chrome on windows (850e407cefe0bfec2a90e851b772ee8b)] -> css selector: [placeholder='description']]
18:53:09.016 INFO  manager.WDListener - sendKys-->input
18:53:09.059 INFO  manager.WDListener - sendKys-->input
18:53:09.103 INFO  manager.WDListener - sendKys-->input
18:53:09.138 INFO  manager.WDListener - Before click element-->b text = Save
18:53:09.310 INFO  manager.WDListener - After click element-->(951, 622) text = Save
18:53:09.333 INFO  manager.WDListener - Huston we have a problem!
18:53:09.334 INFO  manager.WDListener - Object target--->org.openqa.selenium.remote.RemoteWebDriver$RemoteTargetLocator@101bdd1c
18:53:09.334 INFO  manager.WDListener - *******************
18:53:09.334 INFO  manager.WDListener - Method name--->alert
18:53:09.334 INFO  manager.WDListener - *******************
18:53:09.334 INFO  manager.WDListener - InvocationTargetExceptionorg.openqa.selenium.NoAlertPresentException: no such alert
  (Session info: chrome=134.0.6998.36)
Build info: version: '4.16.1', revision: '9b4c83354e'
System info: os.name: 'Windows 11', os.arch: 'amd64', os.version: '10.0', java.version: '11.0.21'
Driver info: org.openqa.selenium.chrome.ChromeDriver
Command: [850e407cefe0bfec2a90e851b772ee8b, getAlertText {}]
Capabilities {acceptInsecureCerts: false, browserName: chrome, browserVersion: 134.0.6998.36, chrome: {chromedriverVersion: 134.0.6998.35 (ea6ef4c2ac15..., userDataDir: C:\Users\marii\AppData\Loca...}, fedcm:accounts: true, goog:chromeOptions: {debuggerAddress: localhost:50201}, networkConnectionEnabled: false, pageLoadStrategy: normal, platformName: windows, proxy: Proxy(), se:cdp: ws://localhost:50201/devtoo..., se:cdpVersion: 134.0.6998.36, setWindowRect: true, strictFileInteractability: false, timeouts: {implicit: 0, pageLoad: 300000, script: 30000}, unhandledPromptBehavior: dismiss and notify, webauthn:extension:credBlob: true, webauthn:extension:largeBlob: true, webauthn:extension:minPinLength: true, webauthn:extension:prf: true, webauthn:virtualAuthenticators: true}
Session ID: 850e407cefe0bfec2a90e851b772ee8b
18:53:09.334 INFO  manager.WDListener - *******************
18:53:09.334 INFO  manager.WDListener - Screen with error is--->src/test/screenshots/screen_1681.png
18:53:09.862 INFO  manager.TestNGListener - start test -->addNewContactWrongPhone
18:53:09.865 INFO  manager.TestNGListener - end test -->Sun Mar 09 18:53:09 IST 2025
