19:25:42.384 INFO  manager.ApplicationManager - All tests rus in Chrom Browser
19:25:44.857 INFO  manager.WDListener - url -->https://telranedu.web.app/home
19:25:45.610 INFO  manager.ApplicationManager - The link --->https://telranedu.web.app/home
19:25:45.637 INFO  manager.TestNGListener - start test -->Sun Mar 02 19:25:45 IST 2025
19:25:46.329 INFO  tests.TestBase - Name of method--->loginSuccess
19:25:51.357 INFO  tests.TestBase - Before method finished logout
19:25:51.359 INFO  manager.TestNGListener - start test -->loginSuccess
19:25:51.361 INFO  tests.TestBase - Start test with name 'loginSuccess'
19:25:51.483 INFO  manager.WDListener - Before click element-->a text = LOGIN
19:25:51.764 INFO  manager.WDListener - After click element-->(1425, 33) text = LOGIN
19:25:51.766 INFO  manager.HelperBase - Open form by click on button with locator 'By.cssSelector("a[href='/login']")' 
19:25:51.942 INFO  manager.WDListener - Before click element-->input text = 
19:25:52.130 INFO  manager.WDListener - After click element-->(568, 250) text = 
19:25:52.130 INFO  manager.WDListener - clear element -->[[ChromeDriver: chrome on windows (333010eeb80580ea0a5dad16dd534e5b)] -> name: email]
19:25:52.244 INFO  manager.WDListener - sendKys-->input
19:25:52.310 INFO  manager.WDListener - sendKys-->input
19:25:52.392 INFO  manager.WDListener - sendKys-->input
19:25:52.394 INFO  manager.HelperBase - Type in input with locator 'By.name("email")' 
19:25:57.478 INFO  manager.WDListener - Huston we have a problem!
19:25:57.479 INFO  manager.WDListener - Object target--->ChromeDriver: chrome on windows (333010eeb80580ea0a5dad16dd534e5b)
19:25:57.480 INFO  manager.WDListener - *******************
19:25:57.480 INFO  manager.WDListener - Method name--->findElement
19:25:57.480 INFO  manager.WDListener - *******************
19:25:57.480 INFO  manager.WDListener - InvocationTargetExceptionjava.lang.reflect.InvocationTargetException
19:25:57.480 INFO  manager.WDListener - *******************
19:25:57.482 INFO  manager.WDListener - Screen with error is--->src/test/screenshots/screen_1486.png
19:25:57.811 INFO  manager.TestNGListener - start test -->loginSuccess
19:25:57.819 INFO  tests.TestBase - Name of method--->loginSuccessModel
19:26:02.865 INFO  tests.TestBase - Before method finished logout
19:26:02.866 INFO  manager.TestNGListener - start test -->loginSuccessModel
19:26:02.918 INFO  manager.WDListener - Before click element-->a text = LOGIN
19:26:03.093 INFO  manager.WDListener - After click element-->(1425, 33) text = LOGIN
19:26:03.093 INFO  manager.HelperBase - Open form by click on button with locator 'By.cssSelector("a[href='/login']")' 
19:26:03.138 INFO  manager.WDListener - Before click element-->input text = 
19:26:03.227 INFO  manager.WDListener - After click element-->(568, 250) text = 
19:26:03.227 INFO  manager.WDListener - clear element -->[[ChromeDriver: chrome on windows (333010eeb80580ea0a5dad16dd534e5b)] -> name: email]
19:26:03.295 INFO  manager.WDListener - sendKys-->input
19:26:03.338 INFO  manager.WDListener - sendKys-->input
19:26:03.386 INFO  manager.WDListener - sendKys-->input
19:26:03.386 INFO  manager.HelperBase - Type in input with locator 'By.name("email")' 
19:26:08.401 INFO  manager.WDListener - Huston we have a problem!
19:26:08.402 INFO  manager.WDListener - Object target--->ChromeDriver: chrome on windows (333010eeb80580ea0a5dad16dd534e5b)
19:26:08.402 INFO  manager.WDListener - *******************
19:26:08.402 INFO  manager.WDListener - Method name--->findElement
19:26:08.402 INFO  manager.WDListener - *******************
19:26:08.402 INFO  manager.WDListener - InvocationTargetExceptionjava.lang.reflect.InvocationTargetException
19:26:08.402 INFO  manager.WDListener - *******************
19:26:08.403 INFO  manager.WDListener - Screen with error is--->src/test/screenshots/screen_1596.png
19:26:08.832 INFO  manager.TestNGListener - start test -->loginSuccessModel
19:26:08.835 INFO  tests.TestBase - Name of method--->loginUnregisteredUser
19:26:13.888 INFO  tests.TestBase - Before method finished logout
19:26:13.888 INFO  manager.TestNGListener - start test -->loginUnregisteredUser
19:26:13.888 INFO  tests.TestBase - Test data --> email: 'maaa@gmail.com' & password: 'Maa123456$'
19:26:13.949 INFO  manager.WDListener - Before click element-->a text = LOGIN
19:26:14.088 INFO  manager.WDListener - After click element-->(1425, 33) text = LOGIN
19:26:14.089 INFO  manager.HelperBase - Open form by click on button with locator 'By.cssSelector("a[href='/login']")' 
19:26:14.133 INFO  manager.WDListener - Before click element-->input text = 
19:26:14.278 INFO  manager.WDListener - After click element-->(568, 250) text = 
19:26:14.281 INFO  manager.WDListener - clear element -->[[ChromeDriver: chrome on windows (333010eeb80580ea0a5dad16dd534e5b)] -> name: email]
19:26:14.439 INFO  manager.WDListener - sendKys-->input
19:26:14.501 INFO  manager.WDListener - sendKys-->input
19:26:14.564 INFO  manager.WDListener - sendKys-->input
19:26:14.565 INFO  manager.HelperBase - Type in input with locator 'By.name("email")' 
19:26:19.588 INFO  manager.WDListener - Huston we have a problem!
19:26:19.588 INFO  manager.WDListener - Object target--->ChromeDriver: chrome on windows (333010eeb80580ea0a5dad16dd534e5b)
19:26:19.588 INFO  manager.WDListener - *******************
19:26:19.588 INFO  manager.WDListener - Method name--->findElement
19:26:19.588 INFO  manager.WDListener - *******************
19:26:19.588 INFO  manager.WDListener - InvocationTargetExceptionjava.lang.reflect.InvocationTargetException
19:26:19.588 INFO  manager.WDListener - *******************
19:26:19.588 INFO  manager.WDListener - Screen with error is--->src/test/screenshots/screen_1808.png
19:26:19.844 INFO  manager.TestNGListener - start test -->loginUnregisteredUser
19:26:19.846 INFO  tests.TestBase - Name of method--->loginWrongEmail
19:26:24.876 INFO  tests.TestBase - Before method finished logout
19:26:24.878 INFO  manager.TestNGListener - start test -->loginWrongEmail
19:26:24.878 INFO  tests.TestBase - Test data --> email: 'maragmail.com' & password: 'Mmar123456$'
19:26:24.908 INFO  manager.WDListener - Before click element-->a text = LOGIN
19:26:25.015 INFO  manager.WDListener - After click element-->(1425, 33) text = LOGIN
19:26:25.015 INFO  manager.HelperBase - Open form by click on button with locator 'By.cssSelector("a[href='/login']")' 
19:26:25.058 INFO  manager.WDListener - Before click element-->input text = 
19:26:25.123 INFO  manager.WDListener - After click element-->(568, 250) text = 
19:26:25.124 INFO  manager.WDListener - clear element -->[[ChromeDriver: chrome on windows (333010eeb80580ea0a5dad16dd534e5b)] -> name: email]
19:26:25.213 INFO  manager.WDListener - sendKys-->input
19:26:25.251 INFO  manager.WDListener - sendKys-->input
19:26:25.292 INFO  manager.WDListener - sendKys-->input
19:26:25.293 INFO  manager.HelperBase - Type in input with locator 'By.name("email")' 
19:26:30.365 INFO  manager.WDListener - Huston we have a problem!
19:26:30.366 INFO  manager.WDListener - Object target--->ChromeDriver: chrome on windows (333010eeb80580ea0a5dad16dd534e5b)
19:26:30.367 INFO  manager.WDListener - *******************
19:26:30.367 INFO  manager.WDListener - Method name--->findElement
19:26:30.367 INFO  manager.WDListener - *******************
19:26:30.367 INFO  manager.WDListener - InvocationTargetExceptionjava.lang.reflect.InvocationTargetException
19:26:30.367 INFO  manager.WDListener - *******************
19:26:30.367 INFO  manager.WDListener - Screen with error is--->src/test/screenshots/screen_1807.png
19:26:30.727 INFO  manager.TestNGListener - start test -->loginWrongEmail
19:26:30.729 INFO  tests.TestBase - Name of method--->loginWrongPassword
19:26:35.755 INFO  tests.TestBase - Before method finished logout
19:26:35.756 INFO  manager.TestNGListener - start test -->loginWrongPassword
19:26:35.756 INFO  tests.TestBase - Test data --> email: 'mara@gmail.com' & password: 'Mmar123'
19:26:35.790 INFO  manager.WDListener - Before click element-->a text = LOGIN
19:26:35.922 INFO  manager.WDListener - After click element-->(1425, 33) text = LOGIN
19:26:35.923 INFO  manager.HelperBase - Open form by click on button with locator 'By.cssSelector("a[href='/login']")' 
19:26:35.958 INFO  manager.WDListener - Before click element-->input text = 
19:26:36.016 INFO  manager.WDListener - After click element-->(568, 250) text = 
19:26:36.016 INFO  manager.WDListener - clear element -->[[ChromeDriver: chrome on windows (333010eeb80580ea0a5dad16dd534e5b)] -> name: email]
19:26:36.072 INFO  manager.WDListener - sendKys-->input
19:26:36.100 INFO  manager.WDListener - sendKys-->input
19:26:36.129 INFO  manager.WDListener - sendKys-->input
19:26:36.130 INFO  manager.HelperBase - Type in input with locator 'By.name("email")' 
19:26:41.157 INFO  manager.WDListener - Huston we have a problem!
19:26:41.158 INFO  manager.WDListener - Object target--->ChromeDriver: chrome on windows (333010eeb80580ea0a5dad16dd534e5b)
19:26:41.158 INFO  manager.WDListener - *******************
19:26:41.158 INFO  manager.WDListener - Method name--->findElement
19:26:41.158 INFO  manager.WDListener - *******************
19:26:41.158 INFO  manager.WDListener - InvocationTargetExceptionjava.lang.reflect.InvocationTargetException
19:26:41.158 INFO  manager.WDListener - *******************
19:26:41.158 INFO  manager.WDListener - Screen with error is--->src/test/screenshots/screen_1493.png
19:26:41.434 INFO  manager.TestNGListener - start test -->loginWrongPassword
19:26:41.435 INFO  manager.TestNGListener - end test -->Sun Mar 02 19:26:41 IST 2025
