18:39:59.236 INFO  manager.ApplicationManager - All tests rus in Chrom Browser
18:39:59.903 INFO  manager.WDListener - url -->https://telranedu.web.app/home
18:40:00.705 INFO  manager.ApplicationManager - The link --->https://telranedu.web.app/home
18:40:00.731 INFO  manager.TestNGListener - start test -->Sun Mar 09 18:40:00 IST 2025
18:40:05.858 INFO  manager.WDListener - Before click element-->a text = LOGIN
18:40:05.999 INFO  manager.WDListener - After click element-->(1808, 33) text = LOGIN
18:40:06.000 INFO  manager.HelperBase - Open form by click on button with locator 'By.cssSelector("a[href='/login']")' 
18:40:06.055 INFO  manager.WDListener - Before click element-->input text = 
18:40:06.169 INFO  manager.WDListener - After click element-->(760, 250) text = 
18:40:06.170 INFO  manager.WDListener - clear element -->[[ChromeDriver: chrome on windows (3007eec2369142b3ac4b9eedd31f8dfe)] -> name: email]
18:40:06.259 INFO  manager.WDListener - sendKys-->input
18:40:06.295 INFO  manager.WDListener - sendKys-->input
18:40:06.365 INFO  manager.WDListener - sendKys-->input
18:40:06.405 INFO  manager.WDListener - Before click element-->input text = 
18:40:06.463 INFO  manager.WDListener - After click element-->(760, 320) text = 
18:40:06.463 INFO  manager.WDListener - clear element -->[[ChromeDriver: chrome on windows (3007eec2369142b3ac4b9eedd31f8dfe)] -> xpath: //input[last()]]
18:40:06.512 INFO  manager.WDListener - sendKys-->input
18:40:06.548 INFO  manager.WDListener - sendKys-->input
18:40:06.584 INFO  manager.WDListener - sendKys-->input
18:40:06.632 INFO  manager.WDListener - Before click element-->button text = Login
18:40:06.726 INFO  tests.TestBase - Name of method--->addContactSuccessAllFields
18:40:06.728 INFO  manager.TestNGListener - start test -->addContactSuccessAllFields
18:40:06.740 INFO  tests.TestBase - Tests run with data: --->Contact(name=Tony, lastName=Stark, phone=3434343495687, email=stark@gmail.com, address=NY, description=all fields)
18:40:07.739 INFO  manager.WDListener - Before click element-->a text = ADD
18:40:07.867 INFO  manager.WDListener - After click element-->(1509, 33) text = ADD
18:40:07.915 INFO  manager.WDListener - Before click element-->input text = 
18:40:07.995 INFO  manager.WDListener - After click element-->(300, 165) text = 
18:40:07.996 INFO  manager.WDListener - clear element -->[[ChromeDriver: chrome on windows (3007eec2369142b3ac4b9eedd31f8dfe)] -> css selector: [placeholder='Name']]
18:40:08.059 INFO  manager.WDListener - sendKys-->input
18:40:08.087 INFO  manager.WDListener - sendKys-->input
18:40:08.129 INFO  manager.WDListener - sendKys-->input
18:40:08.169 INFO  manager.WDListener - Before click element-->input text = 
18:40:08.226 INFO  manager.WDListener - After click element-->(300, 239) text = 
18:40:08.226 INFO  manager.WDListener - clear element -->[[ChromeDriver: chrome on windows (3007eec2369142b3ac4b9eedd31f8dfe)] -> css selector: [placeholder='Last Name']]
18:40:08.276 INFO  manager.WDListener - sendKys-->input
18:40:08.301 INFO  manager.WDListener - sendKys-->input
18:40:08.396 INFO  manager.WDListener - sendKys-->input
18:40:08.453 INFO  manager.WDListener - Before click element-->input text = 
18:40:08.548 INFO  manager.WDListener - After click element-->(300, 313) text = 
18:40:08.549 INFO  manager.WDListener - clear element -->[[ChromeDriver: chrome on windows (3007eec2369142b3ac4b9eedd31f8dfe)] -> css selector: [placeholder='Phone']]
18:40:08.615 INFO  manager.WDListener - sendKys-->input
18:40:08.648 INFO  manager.WDListener - sendKys-->input
18:40:08.690 INFO  manager.WDListener - sendKys-->input
18:40:08.737 INFO  manager.WDListener - Before click element-->input text = 
18:40:08.813 INFO  manager.WDListener - After click element-->(300, 387) text = 
18:40:08.814 INFO  manager.WDListener - clear element -->[[ChromeDriver: chrome on windows (3007eec2369142b3ac4b9eedd31f8dfe)] -> css selector: [placeholder='email']]
18:40:08.863 INFO  manager.WDListener - sendKys-->input
18:40:08.906 INFO  manager.WDListener - sendKys-->input
18:40:08.975 INFO  manager.WDListener - sendKys-->input
18:40:09.056 INFO  manager.WDListener - Before click element-->input text = 
18:40:09.171 INFO  manager.WDListener - After click element-->(300, 461) text = 
18:40:09.172 INFO  manager.WDListener - clear element -->[[ChromeDriver: chrome on windows (3007eec2369142b3ac4b9eedd31f8dfe)] -> css selector: [placeholder='Address']]
18:40:09.229 INFO  manager.WDListener - sendKys-->input
18:40:09.262 INFO  manager.WDListener - sendKys-->input
18:40:09.293 INFO  manager.WDListener - sendKys-->input
18:40:09.334 INFO  manager.WDListener - Before click element-->input text = 
18:40:09.428 INFO  manager.WDListener - After click element-->(300, 535) text = 
18:40:09.429 INFO  manager.WDListener - clear element -->[[ChromeDriver: chrome on windows (3007eec2369142b3ac4b9eedd31f8dfe)] -> css selector: [placeholder='description']]
18:40:09.492 INFO  manager.WDListener - sendKys-->input
18:40:09.533 INFO  manager.WDListener - sendKys-->input
18:40:09.567 INFO  manager.WDListener - sendKys-->input
18:40:09.924 INFO  manager.WDListener - Before click element-->b text = Save
18:40:10.013 INFO  manager.WDListener - After click element-->(951, 622) text = Save
18:40:10.723 INFO  manager.TestNGListener - start test -->addContactSuccessAllFields
18:40:10.724 INFO  tests.TestBase - Name of method--->addContactSuccessAllFields
18:40:10.724 INFO  manager.TestNGListener - start test -->addContactSuccessAllFields
18:40:10.724 INFO  tests.TestBase - Tests run with data: --->Contact(name=TonyReq, lastName=Stark, phone=343434345123, email=stark1@gmail.com, address=NY, description=null)
18:40:10.763 INFO  manager.WDListener - Before click element-->a text = ADD
18:40:10.893 INFO  manager.WDListener - After click element-->(1509, 33) text = ADD
18:40:10.941 INFO  manager.WDListener - Before click element-->input text = 
18:40:11.004 INFO  manager.WDListener - After click element-->(300, 165) text = 
18:40:11.004 INFO  manager.WDListener - clear element -->[[ChromeDriver: chrome on windows (3007eec2369142b3ac4b9eedd31f8dfe)] -> css selector: [placeholder='Name']]
18:40:11.073 INFO  manager.WDListener - sendKys-->input
18:40:11.129 INFO  manager.WDListener - sendKys-->input
18:40:11.182 INFO  manager.WDListener - sendKys-->input
18:40:11.212 INFO  manager.WDListener - Before click element-->input text = 
18:40:11.287 INFO  manager.WDListener - After click element-->(300, 239) text = 
18:40:11.287 INFO  manager.WDListener - clear element -->[[ChromeDriver: chrome on windows (3007eec2369142b3ac4b9eedd31f8dfe)] -> css selector: [placeholder='Last Name']]
18:40:11.347 INFO  manager.WDListener - sendKys-->input
18:40:11.386 INFO  manager.WDListener - sendKys-->input
18:40:11.444 INFO  manager.WDListener - sendKys-->input
18:40:11.484 INFO  manager.WDListener - Before click element-->input text = 
18:40:11.559 INFO  manager.WDListener - After click element-->(300, 313) text = 
18:40:11.559 INFO  manager.WDListener - clear element -->[[ChromeDriver: chrome on windows (3007eec2369142b3ac4b9eedd31f8dfe)] -> css selector: [placeholder='Phone']]
18:40:11.623 INFO  manager.WDListener - sendKys-->input
18:40:11.645 INFO  manager.WDListener - sendKys-->input
18:40:11.688 INFO  manager.WDListener - sendKys-->input
18:40:11.732 INFO  manager.WDListener - Before click element-->input text = 
18:40:11.815 INFO  manager.WDListener - After click element-->(300, 387) text = 
18:40:11.815 INFO  manager.WDListener - clear element -->[[ChromeDriver: chrome on windows (3007eec2369142b3ac4b9eedd31f8dfe)] -> css selector: [placeholder='email']]
18:40:11.913 INFO  manager.WDListener - sendKys-->input
18:40:11.962 INFO  manager.WDListener - sendKys-->input
18:40:12.022 INFO  manager.WDListener - sendKys-->input
18:40:12.067 INFO  manager.WDListener - Before click element-->input text = 
18:40:12.170 INFO  manager.WDListener - After click element-->(300, 461) text = 
18:40:12.170 INFO  manager.WDListener - clear element -->[[ChromeDriver: chrome on windows (3007eec2369142b3ac4b9eedd31f8dfe)] -> css selector: [placeholder='Address']]
18:40:12.232 INFO  manager.WDListener - sendKys-->input
18:40:12.257 INFO  manager.WDListener - sendKys-->input
18:40:12.305 INFO  manager.WDListener - sendKys-->input
18:40:12.358 INFO  manager.WDListener - Before click element-->input text = 
18:40:12.433 INFO  manager.WDListener - After click element-->(300, 535) text = 
18:40:12.434 INFO  manager.WDListener - clear element -->[[ChromeDriver: chrome on windows (3007eec2369142b3ac4b9eedd31f8dfe)] -> css selector: [placeholder='description']]
18:40:12.493 INFO  manager.WDListener - sendKys-->input
18:40:12.515 INFO  manager.WDListener - sendKys-->input
18:40:12.801 INFO  manager.WDListener - Before click element-->b text = Save
18:40:12.901 INFO  manager.WDListener - After click element-->(951, 622) text = Save
18:40:13.450 INFO  manager.TestNGListener - start test -->addContactSuccessAllFields
18:40:13.452 INFO  manager.TestNGListener - end test -->Sun Mar 09 18:40:13 IST 2025
