19:28:11.455 INFO  manager.ApplicationManager - All tests rus in Chrom Browser
19:28:12.978 INFO  manager.ApplicationManager - The link --->https://telranedu.web.app/home
19:28:13.012 INFO  tests.TestBase - Name of method--->loginSuccess
19:28:18.069 INFO  tests.TestBase - Before method finished logout
19:28:18.071 INFO  tests.TestBase - Start test with name 'loginSuccess'
19:28:18.893 INFO  tests.TestBase - Test data --> email: 'mara@gmail.com' & password: 'Mmar123456$'
19:28:21.786 INFO  tests.TestBase - Assert check is element button 'Sign out' present
19:28:21.792 INFO  tests.TestBase - Name of method--->loginSuccessModel
19:28:21.924 INFO  tests.TestBase - Before method finished logout
19:28:22.998 INFO  tests.TestBase - Name of method--->loginUnregisteredUser
19:28:23.102 INFO  tests.TestBase - Before method finished logout
19:28:23.102 INFO  tests.TestBase - Test data --> email: 'maaa@gmail.com' & password: 'Maa123456$'
19:28:24.348 INFO  tests.TestBase - Assert check is alert present with error text 'Wrong email or password'
19:28:24.350 INFO  tests.TestBase - Name of method--->loginWrongEmail
19:28:29.397 INFO  tests.TestBase - Before method finished logout
19:28:29.398 INFO  tests.TestBase - Test data --> email: 'maragmail.com' & password: 'Mmar123456$'
19:28:30.637 INFO  tests.TestBase - Assert check is alert present with error text 'Wrong email or password'
19:28:30.638 INFO  tests.TestBase - Name of method--->loginWrongPassword
19:28:35.683 INFO  tests.TestBase - Before method finished logout
19:28:35.683 INFO  tests.TestBase - Test data --> email: 'mara@gmail.com' & password: 'Mmar123'
19:28:36.917 INFO  tests.TestBase - Assert check is alert present with error text 'Wrong email or password'
