20:30:16.900 INFO  manager.ApplicationManager - All tests rus in Chrom Browser
20:30:17.555 INFO  manager.WDListener - url -->https://telranedu.web.app/home
20:30:18.139 INFO  manager.ApplicationManager - The link --->https://telranedu.web.app/home
20:30:18.160 INFO  manager.TestNGListener - start test -->Sun Mar 09 20:30:18 IST 2025
20:30:23.319 INFO  manager.WDListener - Before click element-->a text = LOGIN
20:30:23.475 INFO  manager.WDListener - After click element-->(922, 33) text = LOGIN
20:30:23.476 INFO  manager.HelperBase - Open form by click on button with locator 'By.cssSelector("a[href='/login']")' 
20:30:23.527 INFO  manager.WDListener - Before click element-->input text = 
20:30:23.655 INFO  manager.WDListener - After click element-->(317, 250) text = 
20:30:23.656 INFO  manager.WDListener - clear element -->[[ChromeDriver: chrome on windows (0fb2d9d156968215c8d20fe05227ce23)] -> name: email]
20:30:23.733 INFO  manager.WDListener - sendKys-->input
20:30:23.777 INFO  manager.WDListener - sendKys-->input
20:30:23.835 INFO  manager.WDListener - sendKys-->input
20:30:23.883 INFO  manager.WDListener - Before click element-->input text = 
20:30:23.974 INFO  manager.WDListener - After click element-->(317, 320) text = 
20:30:23.975 INFO  manager.WDListener - clear element -->[[ChromeDriver: chrome on windows (0fb2d9d156968215c8d20fe05227ce23)] -> xpath: //input[last()]]
20:30:24.039 INFO  manager.WDListener - sendKys-->input
20:30:24.084 INFO  manager.WDListener - sendKys-->input
20:30:24.131 INFO  manager.WDListener - sendKys-->input
20:30:24.191 INFO  manager.WDListener - Before click element-->button text = Login
20:30:24.304 INFO  tests.TestBase - Name of method--->addContactSuccessAllFields
20:30:24.306 INFO  manager.TestNGListener - start test -->addContactSuccessAllFields
20:30:24.320 INFO  tests.TestBase - Tests run with data: --->Contact(name=Tony, lastName=Stark, phone=3434343495687, email=stark@gmail.com, address=NY, description=all fields)
20:30:25.255 INFO  manager.WDListener - Before click element-->a text = ADD
20:30:25.365 INFO  manager.WDListener - After click element-->(786, 33) text = ADD
20:30:25.411 INFO  manager.WDListener - Before click element-->input text = 
20:30:25.491 INFO  manager.WDListener - After click element-->(164, 165) text = 
20:30:25.491 INFO  manager.WDListener - clear element -->[[ChromeDriver: chrome on windows (0fb2d9d156968215c8d20fe05227ce23)] -> css selector: [placeholder='Name']]
20:30:25.544 INFO  manager.WDListener - sendKys-->input
20:30:25.574 INFO  manager.WDListener - sendKys-->input
20:30:25.613 INFO  manager.WDListener - sendKys-->input
20:30:25.669 INFO  manager.WDListener - Before click element-->input text = 
20:30:25.737 INFO  manager.WDListener - After click element-->(164, 239) text = 
20:30:25.738 INFO  manager.WDListener - clear element -->[[ChromeDriver: chrome on windows (0fb2d9d156968215c8d20fe05227ce23)] -> css selector: [placeholder='Last Name']]
20:30:25.792 INFO  manager.WDListener - sendKys-->input
20:30:25.824 INFO  manager.WDListener - sendKys-->input
20:30:25.860 INFO  manager.WDListener - sendKys-->input
20:30:25.907 INFO  manager.WDListener - Before click element-->input text = 
20:30:25.981 INFO  manager.WDListener - After click element-->(164, 313) text = 
20:30:25.981 INFO  manager.WDListener - clear element -->[[ChromeDriver: chrome on windows (0fb2d9d156968215c8d20fe05227ce23)] -> css selector: [placeholder='Phone']]
20:30:26.031 INFO  manager.WDListener - sendKys-->input
20:30:26.063 INFO  manager.WDListener - sendKys-->input
20:30:26.110 INFO  manager.WDListener - sendKys-->input
20:30:26.155 INFO  manager.WDListener - Before click element-->input text = 
20:30:26.235 INFO  manager.WDListener - After click element-->(164, 387) text = 
20:30:26.235 INFO  manager.WDListener - clear element -->[[ChromeDriver: chrome on windows (0fb2d9d156968215c8d20fe05227ce23)] -> css selector: [placeholder='email']]
20:30:26.321 INFO  manager.WDListener - sendKys-->input
20:30:26.357 INFO  manager.WDListener - sendKys-->input
20:30:26.433 INFO  manager.WDListener - sendKys-->input
20:30:26.475 INFO  manager.WDListener - Before click element-->input text = 
20:30:26.566 INFO  manager.WDListener - After click element-->(164, 461) text = 
20:30:26.566 INFO  manager.WDListener - clear element -->[[ChromeDriver: chrome on windows (0fb2d9d156968215c8d20fe05227ce23)] -> css selector: [placeholder='Address']]
20:30:26.643 INFO  manager.WDListener - sendKys-->input
20:30:26.683 INFO  manager.WDListener - sendKys-->input
20:30:26.741 INFO  manager.WDListener - sendKys-->input
20:30:26.820 INFO  manager.WDListener - Before click element-->input text = 
20:30:26.979 INFO  manager.WDListener - After click element-->(164, 535) text = 
20:30:26.980 INFO  manager.WDListener - clear element -->[[ChromeDriver: chrome on windows (0fb2d9d156968215c8d20fe05227ce23)] -> css selector: [placeholder='description']]
20:30:27.067 INFO  manager.WDListener - sendKys-->input
20:30:27.111 INFO  manager.WDListener - sendKys-->input
20:30:27.199 INFO  manager.WDListener - sendKys-->input
20:30:27.497 INFO  manager.WDListener - Before click element-->b text = Save
20:30:27.617 INFO  manager.WDListener - After click element-->(500, 622) text = Save
20:30:28.293 INFO  manager.TestNGListener - start test -->addContactSuccessAllFields
20:30:28.294 INFO  tests.TestBase - Name of method--->addContactSuccessAllFields
20:30:28.294 INFO  manager.TestNGListener - start test -->addContactSuccessAllFields
20:30:28.294 INFO  tests.TestBase - Tests run with data: --->Contact(name=TonyReq, lastName=Stark, phone=343434345123, email=stark1@gmail.com, address=NY, description=null)
20:30:28.328 INFO  manager.WDListener - Before click element-->a text = ADD
20:30:28.405 INFO  manager.WDListener - After click element-->(786, 33) text = ADD
20:30:28.446 INFO  manager.WDListener - Before click element-->input text = 
20:30:28.513 INFO  manager.WDListener - After click element-->(164, 165) text = 
20:30:28.513 INFO  manager.WDListener - clear element -->[[ChromeDriver: chrome on windows (0fb2d9d156968215c8d20fe05227ce23)] -> css selector: [placeholder='Name']]
20:30:28.568 INFO  manager.WDListener - sendKys-->input
20:30:28.606 INFO  manager.WDListener - sendKys-->input
20:30:28.647 INFO  manager.WDListener - sendKys-->input
20:30:28.676 INFO  manager.WDListener - Before click element-->input text = 
20:30:28.754 INFO  manager.WDListener - After click element-->(164, 239) text = 
20:30:28.754 INFO  manager.WDListener - clear element -->[[ChromeDriver: chrome on windows (0fb2d9d156968215c8d20fe05227ce23)] -> css selector: [placeholder='Last Name']]
20:30:28.816 INFO  manager.WDListener - sendKys-->input
20:30:28.846 INFO  manager.WDListener - sendKys-->input
20:30:28.881 INFO  manager.WDListener - sendKys-->input
20:30:28.918 INFO  manager.WDListener - Before click element-->input text = 
20:30:28.997 INFO  manager.WDListener - After click element-->(164, 313) text = 
20:30:28.997 INFO  manager.WDListener - clear element -->[[ChromeDriver: chrome on windows (0fb2d9d156968215c8d20fe05227ce23)] -> css selector: [placeholder='Phone']]
20:30:29.052 INFO  manager.WDListener - sendKys-->input
20:30:29.084 INFO  manager.WDListener - sendKys-->input
20:30:29.133 INFO  manager.WDListener - sendKys-->input
20:30:29.169 INFO  manager.WDListener - Before click element-->input text = 
20:30:29.248 INFO  manager.WDListener - After click element-->(164, 387) text = 
20:30:29.248 INFO  manager.WDListener - clear element -->[[ChromeDriver: chrome on windows (0fb2d9d156968215c8d20fe05227ce23)] -> css selector: [placeholder='email']]
20:30:29.304 INFO  manager.WDListener - sendKys-->input
20:30:29.337 INFO  manager.WDListener - sendKys-->input
20:30:29.384 INFO  manager.WDListener - sendKys-->input
20:30:29.420 INFO  manager.WDListener - Before click element-->input text = 
20:30:29.496 INFO  manager.WDListener - After click element-->(164, 461) text = 
20:30:29.496 INFO  manager.WDListener - clear element -->[[ChromeDriver: chrome on windows (0fb2d9d156968215c8d20fe05227ce23)] -> css selector: [placeholder='Address']]
20:30:29.554 INFO  manager.WDListener - sendKys-->input
20:30:29.590 INFO  manager.WDListener - sendKys-->input
20:30:29.627 INFO  manager.WDListener - sendKys-->input
20:30:29.661 INFO  manager.WDListener - Before click element-->input text = 
20:30:29.743 INFO  manager.WDListener - After click element-->(164, 535) text = 
20:30:29.743 INFO  manager.WDListener - clear element -->[[ChromeDriver: chrome on windows (0fb2d9d156968215c8d20fe05227ce23)] -> css selector: [placeholder='description']]
20:30:29.797 INFO  manager.WDListener - sendKys-->input
20:30:29.823 INFO  manager.WDListener - sendKys-->input
20:30:30.020 INFO  manager.WDListener - Before click element-->b text = Save
20:30:30.091 INFO  manager.WDListener - After click element-->(500, 622) text = Save
20:30:30.664 INFO  manager.TestNGListener - start test -->addContactSuccessAllFields
20:30:30.666 INFO  tests.TestBase - Name of method--->addContactSuccessAllFieldsCSV
20:30:30.667 INFO  manager.TestNGListener - start test -->addContactSuccessAllFieldsCSV
20:30:30.667 INFO  tests.TestBase - Tests run with data: --->Contact(name=Harry, lastName=Potter, phone=123654789654, email=harry@maiil.com, address=NY, description=move)
20:30:30.703 INFO  manager.WDListener - Before click element-->a text = ADD
20:30:30.775 INFO  manager.WDListener - After click element-->(786, 33) text = ADD
20:30:30.806 INFO  manager.WDListener - Before click element-->input text = 
20:30:30.879 INFO  manager.WDListener - After click element-->(164, 165) text = 
20:30:30.879 INFO  manager.WDListener - clear element -->[[ChromeDriver: chrome on windows (0fb2d9d156968215c8d20fe05227ce23)] -> css selector: [placeholder='Name']]
20:30:30.939 INFO  manager.WDListener - sendKys-->input
20:30:30.977 INFO  manager.WDListener - sendKys-->input
20:30:31.018 INFO  manager.WDListener - sendKys-->input
20:30:31.052 INFO  manager.WDListener - Before click element-->input text = 
20:30:31.121 INFO  manager.WDListener - After click element-->(164, 239) text = 
20:30:31.123 INFO  manager.WDListener - clear element -->[[ChromeDriver: chrome on windows (0fb2d9d156968215c8d20fe05227ce23)] -> css selector: [placeholder='Last Name']]
20:30:31.179 INFO  manager.WDListener - sendKys-->input
20:30:31.214 INFO  manager.WDListener - sendKys-->input
20:30:31.257 INFO  manager.WDListener - sendKys-->input
20:30:31.285 INFO  manager.WDListener - Before click element-->input text = 
20:30:31.364 INFO  manager.WDListener - After click element-->(164, 313) text = 
20:30:31.366 INFO  manager.WDListener - clear element -->[[ChromeDriver: chrome on windows (0fb2d9d156968215c8d20fe05227ce23)] -> css selector: [placeholder='Phone']]
20:30:31.422 INFO  manager.WDListener - sendKys-->input
20:30:31.458 INFO  manager.WDListener - sendKys-->input
20:30:31.511 INFO  manager.WDListener - sendKys-->input
20:30:31.547 INFO  manager.WDListener - Before click element-->input text = 
20:30:31.640 INFO  manager.WDListener - After click element-->(164, 387) text = 
20:30:31.640 INFO  manager.WDListener - clear element -->[[ChromeDriver: chrome on windows (0fb2d9d156968215c8d20fe05227ce23)] -> css selector: [placeholder='email']]
20:30:31.699 INFO  manager.WDListener - sendKys-->input
20:30:31.730 INFO  manager.WDListener - sendKys-->input
20:30:31.779 INFO  manager.WDListener - sendKys-->input
20:30:31.809 INFO  manager.WDListener - Before click element-->input text = 
20:30:31.881 INFO  manager.WDListener - After click element-->(164, 461) text = 
20:30:31.882 INFO  manager.WDListener - clear element -->[[ChromeDriver: chrome on windows (0fb2d9d156968215c8d20fe05227ce23)] -> css selector: [placeholder='Address']]
20:30:31.939 INFO  manager.WDListener - sendKys-->input
20:30:31.975 INFO  manager.WDListener - sendKys-->input
20:30:32.007 INFO  manager.WDListener - sendKys-->input
20:30:32.032 INFO  manager.WDListener - Before click element-->input text = 
20:30:32.111 INFO  manager.WDListener - After click element-->(164, 535) text = 
20:30:32.111 INFO  manager.WDListener - clear element -->[[ChromeDriver: chrome on windows (0fb2d9d156968215c8d20fe05227ce23)] -> css selector: [placeholder='description']]
20:30:32.177 INFO  manager.WDListener - sendKys-->input
20:30:32.214 INFO  manager.WDListener - sendKys-->input
20:30:32.264 INFO  manager.WDListener - sendKys-->input
20:30:32.447 INFO  manager.WDListener - Before click element-->b text = Save
20:30:32.524 INFO  manager.WDListener - After click element-->(500, 622) text = Save
20:30:33.095 INFO  manager.TestNGListener - start test -->addContactSuccessAllFieldsCSV
20:30:33.097 INFO  tests.TestBase - Name of method--->addContactSuccessAllFieldsCSV
20:30:33.097 INFO  manager.TestNGListener - start test -->addContactSuccessAllFieldsCSV
20:30:33.098 INFO  tests.TestBase - Tests run with data: --->Contact(name=Molly, lastName=Potter, phone=987456321568, email=molly@gmail.com, address=NY, description=move)
20:30:33.141 INFO  manager.WDListener - Before click element-->a text = ADD
20:30:33.316 INFO  manager.WDListener - After click element-->(786, 33) text = ADD
20:30:33.358 INFO  manager.WDListener - Before click element-->input text = 
20:30:33.457 INFO  manager.WDListener - After click element-->(164, 165) text = 
20:30:33.457 INFO  manager.WDListener - clear element -->[[ChromeDriver: chrome on windows (0fb2d9d156968215c8d20fe05227ce23)] -> css selector: [placeholder='Name']]
20:30:33.541 INFO  manager.WDListener - sendKys-->input
20:30:33.595 INFO  manager.WDListener - sendKys-->input
20:30:33.647 INFO  manager.WDListener - sendKys-->input
20:30:33.679 INFO  manager.WDListener - Before click element-->input text = 
20:30:33.756 INFO  manager.WDListener - After click element-->(164, 239) text = 
20:30:33.757 INFO  manager.WDListener - clear element -->[[ChromeDriver: chrome on windows (0fb2d9d156968215c8d20fe05227ce23)] -> css selector: [placeholder='Last Name']]
20:30:33.809 INFO  manager.WDListener - sendKys-->input
20:30:33.841 INFO  manager.WDListener - sendKys-->input
20:30:33.883 INFO  manager.WDListener - sendKys-->input
20:30:33.914 INFO  manager.WDListener - Before click element-->input text = 
20:30:34.037 INFO  manager.WDListener - After click element-->(164, 313) text = 
20:30:34.037 INFO  manager.WDListener - clear element -->[[ChromeDriver: chrome on windows (0fb2d9d156968215c8d20fe05227ce23)] -> css selector: [placeholder='Phone']]
20:30:34.114 INFO  manager.WDListener - sendKys-->input
20:30:34.158 INFO  manager.WDListener - sendKys-->input
20:30:34.199 INFO  manager.WDListener - sendKys-->input
20:30:34.245 INFO  manager.WDListener - Before click element-->input text = 
20:30:34.346 INFO  manager.WDListener - After click element-->(164, 387) text = 
20:30:34.347 INFO  manager.WDListener - clear element -->[[ChromeDriver: chrome on windows (0fb2d9d156968215c8d20fe05227ce23)] -> css selector: [placeholder='email']]
20:30:34.423 INFO  manager.WDListener - sendKys-->input
20:30:34.470 INFO  manager.WDListener - sendKys-->input
20:30:34.520 INFO  manager.WDListener - sendKys-->input
20:30:34.559 INFO  manager.WDListener - Before click element-->input text = 
20:30:34.635 INFO  manager.WDListener - After click element-->(164, 461) text = 
20:30:34.635 INFO  manager.WDListener - clear element -->[[ChromeDriver: chrome on windows (0fb2d9d156968215c8d20fe05227ce23)] -> css selector: [placeholder='Address']]
20:30:34.684 INFO  manager.WDListener - sendKys-->input
20:30:34.711 INFO  manager.WDListener - sendKys-->input
20:30:34.745 INFO  manager.WDListener - sendKys-->input
20:30:34.774 INFO  manager.WDListener - Before click element-->input text = 
20:30:34.835 INFO  manager.WDListener - After click element-->(164, 535) text = 
20:30:34.835 INFO  manager.WDListener - clear element -->[[ChromeDriver: chrome on windows (0fb2d9d156968215c8d20fe05227ce23)] -> css selector: [placeholder='description']]
20:30:34.892 INFO  manager.WDListener - sendKys-->input
20:30:34.918 INFO  manager.WDListener - sendKys-->input
20:30:34.954 INFO  manager.WDListener - sendKys-->input
20:30:35.181 INFO  manager.WDListener - Before click element-->b text = Save
20:30:35.254 INFO  manager.WDListener - After click element-->(500, 622) text = Save
20:30:35.883 INFO  manager.TestNGListener - start test -->addContactSuccessAllFieldsCSV
20:30:35.884 INFO  tests.TestBase - Name of method--->addContactSuccessAllFieldsCSV
20:30:35.885 INFO  manager.TestNGListener - start test -->addContactSuccessAllFieldsCSV
20:30:35.885 INFO  tests.TestBase - Tests run with data: --->Contact(name=Sara, lastName=Potter, phone=123654333333, email=sara@gmail.com, address=NY, description=move)
20:30:35.924 INFO  manager.WDListener - Before click element-->a text = ADD
20:30:36.053 INFO  manager.WDListener - After click element-->(786, 33) text = ADD
20:30:36.093 INFO  manager.WDListener - Before click element-->input text = 
20:30:36.183 INFO  manager.WDListener - After click element-->(164, 165) text = 
20:30:36.183 INFO  manager.WDListener - clear element -->[[ChromeDriver: chrome on windows (0fb2d9d156968215c8d20fe05227ce23)] -> css selector: [placeholder='Name']]
20:30:36.259 INFO  manager.WDListener - sendKys-->input
20:30:36.298 INFO  manager.WDListener - sendKys-->input
20:30:36.329 INFO  manager.WDListener - sendKys-->input
20:30:36.365 INFO  manager.WDListener - Before click element-->input text = 
20:30:36.457 INFO  manager.WDListener - After click element-->(164, 239) text = 
20:30:36.457 INFO  manager.WDListener - clear element -->[[ChromeDriver: chrome on windows (0fb2d9d156968215c8d20fe05227ce23)] -> css selector: [placeholder='Last Name']]
20:30:36.530 INFO  manager.WDListener - sendKys-->input
20:30:36.570 INFO  manager.WDListener - sendKys-->input
20:30:36.606 INFO  manager.WDListener - sendKys-->input
20:30:36.638 INFO  manager.WDListener - Before click element-->input text = 
20:30:36.700 INFO  manager.WDListener - After click element-->(164, 313) text = 
20:30:36.701 INFO  manager.WDListener - clear element -->[[ChromeDriver: chrome on windows (0fb2d9d156968215c8d20fe05227ce23)] -> css selector: [placeholder='Phone']]
20:30:36.745 INFO  manager.WDListener - sendKys-->input
20:30:36.771 INFO  manager.WDListener - sendKys-->input
20:30:36.806 INFO  manager.WDListener - sendKys-->input
20:30:36.837 INFO  manager.WDListener - Before click element-->input text = 
20:30:36.909 INFO  manager.WDListener - After click element-->(164, 387) text = 
20:30:36.909 INFO  manager.WDListener - clear element -->[[ChromeDriver: chrome on windows (0fb2d9d156968215c8d20fe05227ce23)] -> css selector: [placeholder='email']]
20:30:36.971 INFO  manager.WDListener - sendKys-->input
20:30:37.013 INFO  manager.WDListener - sendKys-->input
20:30:37.053 INFO  manager.WDListener - sendKys-->input
20:30:37.088 INFO  manager.WDListener - Before click element-->input text = 
20:30:37.158 INFO  manager.WDListener - After click element-->(164, 461) text = 
20:30:37.158 INFO  manager.WDListener - clear element -->[[ChromeDriver: chrome on windows (0fb2d9d156968215c8d20fe05227ce23)] -> css selector: [placeholder='Address']]
20:30:37.217 INFO  manager.WDListener - sendKys-->input
20:30:37.260 INFO  manager.WDListener - sendKys-->input
20:30:37.296 INFO  manager.WDListener - sendKys-->input
20:30:37.334 INFO  manager.WDListener - Before click element-->input text = 
20:30:37.420 INFO  manager.WDListener - After click element-->(164, 535) text = 
20:30:37.420 INFO  manager.WDListener - clear element -->[[ChromeDriver: chrome on windows (0fb2d9d156968215c8d20fe05227ce23)] -> css selector: [placeholder='description']]
20:30:37.484 INFO  manager.WDListener - sendKys-->input
20:30:37.518 INFO  manager.WDListener - sendKys-->input
20:30:37.555 INFO  manager.WDListener - sendKys-->input
20:30:37.725 INFO  manager.WDListener - Before click element-->b text = Save
20:30:37.795 INFO  manager.WDListener - After click element-->(500, 622) text = Save
20:30:38.386 INFO  manager.TestNGListener - start test -->addContactSuccessAllFieldsCSV
20:30:38.387 INFO  tests.TestBase - Name of method--->addContactSuccessReqFields
20:30:38.387 INFO  manager.TestNGListener - start test -->addContactSuccessReqFields
20:30:38.388 INFO  tests.TestBase - Tests run with data: --->Contact(name=TonyReq, lastName=Stark, phone=343434341838, email=stark1838@gmail.com, address=NY, description=null)
20:30:38.413 INFO  manager.WDListener - Before click element-->a text = ADD
20:30:38.482 INFO  manager.WDListener - After click element-->(786, 33) text = ADD
20:30:38.511 INFO  manager.WDListener - Before click element-->input text = 
20:30:38.575 INFO  manager.WDListener - After click element-->(164, 165) text = 
20:30:38.575 INFO  manager.WDListener - clear element -->[[ChromeDriver: chrome on windows (0fb2d9d156968215c8d20fe05227ce23)] -> css selector: [placeholder='Name']]
20:30:38.629 INFO  manager.WDListener - sendKys-->input
20:30:38.666 INFO  manager.WDListener - sendKys-->input
20:30:38.697 INFO  manager.WDListener - sendKys-->input
20:30:38.723 INFO  manager.WDListener - Before click element-->input text = 
20:30:38.786 INFO  manager.WDListener - After click element-->(164, 239) text = 
20:30:38.788 INFO  manager.WDListener - clear element -->[[ChromeDriver: chrome on windows (0fb2d9d156968215c8d20fe05227ce23)] -> css selector: [placeholder='Last Name']]
20:30:38.833 INFO  manager.WDListener - sendKys-->input
20:30:38.859 INFO  manager.WDListener - sendKys-->input
20:30:38.890 INFO  manager.WDListener - sendKys-->input
20:30:38.919 INFO  manager.WDListener - Before click element-->input text = 
20:30:38.988 INFO  manager.WDListener - After click element-->(164, 313) text = 
20:30:38.989 INFO  manager.WDListener - clear element -->[[ChromeDriver: chrome on windows (0fb2d9d156968215c8d20fe05227ce23)] -> css selector: [placeholder='Phone']]
20:30:39.043 INFO  manager.WDListener - sendKys-->input
20:30:39.078 INFO  manager.WDListener - sendKys-->input
20:30:39.124 INFO  manager.WDListener - sendKys-->input
20:30:39.153 INFO  manager.WDListener - Before click element-->input text = 
20:30:39.246 INFO  manager.WDListener - After click element-->(164, 387) text = 
20:30:39.247 INFO  manager.WDListener - clear element -->[[ChromeDriver: chrome on windows (0fb2d9d156968215c8d20fe05227ce23)] -> css selector: [placeholder='email']]
20:30:39.311 INFO  manager.WDListener - sendKys-->input
20:30:39.344 INFO  manager.WDListener - sendKys-->input
20:30:39.391 INFO  manager.WDListener - sendKys-->input
20:30:39.427 INFO  manager.WDListener - Before click element-->input text = 
20:30:39.507 INFO  manager.WDListener - After click element-->(164, 461) text = 
20:30:39.508 INFO  manager.WDListener - clear element -->[[ChromeDriver: chrome on windows (0fb2d9d156968215c8d20fe05227ce23)] -> css selector: [placeholder='Address']]
20:30:39.586 INFO  manager.WDListener - sendKys-->input
20:30:39.627 INFO  manager.WDListener - sendKys-->input
20:30:39.660 INFO  manager.WDListener - sendKys-->input
20:30:39.700 INFO  manager.WDListener - Before click element-->input text = 
20:30:39.786 INFO  manager.WDListener - After click element-->(164, 535) text = 
20:30:39.787 INFO  manager.WDListener - clear element -->[[ChromeDriver: chrome on windows (0fb2d9d156968215c8d20fe05227ce23)] -> css selector: [placeholder='description']]
20:30:39.864 INFO  manager.WDListener - sendKys-->input
20:30:39.892 INFO  manager.WDListener - sendKys-->input
20:30:39.924 INFO  manager.WDListener - Before click element-->b text = Save
20:30:39.990 INFO  manager.WDListener - After click element-->(500, 622) text = Save
20:30:40.570 INFO  manager.TestNGListener - start test -->addContactSuccessReqFields
20:30:40.571 INFO  tests.TestBase - Name of method--->addNewContactWrongAddress
20:30:40.571 INFO  manager.TestNGListener - start test -->addNewContactWrongAddress
20:30:40.572 INFO  tests.TestBase - Tests run with data: --->Contact(name=Tony, lastName=Stark, phone=343434349862, email=stark@gmail.com, address=, description=Empty Address)
20:30:40.600 INFO  manager.WDListener - Before click element-->a text = ADD
20:30:40.681 INFO  manager.WDListener - After click element-->(786, 33) text = ADD
20:30:40.704 INFO  manager.WDListener - Before click element-->input text = 
20:30:40.776 INFO  manager.WDListener - After click element-->(164, 165) text = 
20:30:40.776 INFO  manager.WDListener - clear element -->[[ChromeDriver: chrome on windows (0fb2d9d156968215c8d20fe05227ce23)] -> css selector: [placeholder='Name']]
20:30:40.828 INFO  manager.WDListener - sendKys-->input
20:30:40.871 INFO  manager.WDListener - sendKys-->input
20:30:40.900 INFO  manager.WDListener - sendKys-->input
20:30:40.926 INFO  manager.WDListener - Before click element-->input text = 
20:30:40.995 INFO  manager.WDListener - After click element-->(164, 239) text = 
20:30:40.995 INFO  manager.WDListener - clear element -->[[ChromeDriver: chrome on windows (0fb2d9d156968215c8d20fe05227ce23)] -> css selector: [placeholder='Last Name']]
20:30:41.043 INFO  manager.WDListener - sendKys-->input
20:30:41.067 INFO  manager.WDListener - sendKys-->input
20:30:41.102 INFO  manager.WDListener - sendKys-->input
20:30:41.130 INFO  manager.WDListener - Before click element-->input text = 
20:30:41.186 INFO  manager.WDListener - After click element-->(164, 313) text = 
20:30:41.187 INFO  manager.WDListener - clear element -->[[ChromeDriver: chrome on windows (0fb2d9d156968215c8d20fe05227ce23)] -> css selector: [placeholder='Phone']]
20:30:41.233 INFO  manager.WDListener - sendKys-->input
20:30:41.258 INFO  manager.WDListener - sendKys-->input
20:30:41.294 INFO  manager.WDListener - sendKys-->input
20:30:41.317 INFO  manager.WDListener - Before click element-->input text = 
20:30:41.373 INFO  manager.WDListener - After click element-->(164, 387) text = 
20:30:41.373 INFO  manager.WDListener - clear element -->[[ChromeDriver: chrome on windows (0fb2d9d156968215c8d20fe05227ce23)] -> css selector: [placeholder='email']]
20:30:41.423 INFO  manager.WDListener - sendKys-->input
20:30:41.452 INFO  manager.WDListener - sendKys-->input
20:30:41.488 INFO  manager.WDListener - sendKys-->input
20:30:41.515 INFO  manager.WDListener - Before click element-->input text = 
20:30:41.584 INFO  manager.WDListener - After click element-->(164, 461) text = 
20:30:41.585 INFO  manager.WDListener - clear element -->[[ChromeDriver: chrome on windows (0fb2d9d156968215c8d20fe05227ce23)] -> css selector: [placeholder='Address']]
20:30:41.653 INFO  manager.WDListener - sendKys-->input
20:30:41.679 INFO  manager.WDListener - sendKys-->input
20:30:41.703 INFO  manager.WDListener - sendKys-->input
20:30:41.738 INFO  manager.WDListener - Before click element-->input text = 
20:30:41.813 INFO  manager.WDListener - After click element-->(164, 535) text = 
20:30:41.813 INFO  manager.WDListener - clear element -->[[ChromeDriver: chrome on windows (0fb2d9d156968215c8d20fe05227ce23)] -> css selector: [placeholder='description']]
20:30:41.875 INFO  manager.WDListener - sendKys-->input
20:30:41.914 INFO  manager.WDListener - sendKys-->input
20:30:41.954 INFO  manager.WDListener - sendKys-->input
20:30:41.977 INFO  manager.WDListener - Before click element-->b text = Save
20:30:42.031 INFO  manager.WDListener - After click element-->(500, 622) text = Save
20:30:42.047 INFO  manager.TestNGListener - start test -->addNewContactWrongAddress
20:30:42.047 INFO  tests.TestBase - Name of method--->addNewContactWrongEmail
20:30:42.047 INFO  manager.TestNGListener - start test -->addNewContactWrongEmail
20:30:42.048 INFO  tests.TestBase - Tests run with data: --->Contact(name=Tony, lastName=Stark, phone=343434349862, email=starkgmail.com, address=NY, description=Wrong email)
20:30:42.070 INFO  manager.WDListener - Before click element-->a text = ADD
20:30:42.139 INFO  manager.WDListener - After click element-->(786, 33) text = ADD
20:30:42.170 INFO  manager.WDListener - Before click element-->input text = 
20:30:42.255 INFO  manager.WDListener - After click element-->(164, 165) text = 
20:30:42.255 INFO  manager.WDListener - clear element -->[[ChromeDriver: chrome on windows (0fb2d9d156968215c8d20fe05227ce23)] -> css selector: [placeholder='Name']]
20:30:42.328 INFO  manager.WDListener - sendKys-->input
20:30:42.364 INFO  manager.WDListener - sendKys-->input
20:30:42.398 INFO  manager.WDListener - sendKys-->input
20:30:42.426 INFO  manager.WDListener - Before click element-->input text = 
20:30:42.498 INFO  manager.WDListener - After click element-->(164, 239) text = 
20:30:42.499 INFO  manager.WDListener - clear element -->[[ChromeDriver: chrome on windows (0fb2d9d156968215c8d20fe05227ce23)] -> css selector: [placeholder='Last Name']]
20:30:42.563 INFO  manager.WDListener - sendKys-->input
20:30:42.600 INFO  manager.WDListener - sendKys-->input
20:30:42.641 INFO  manager.WDListener - sendKys-->input
20:30:42.667 INFO  manager.WDListener - Before click element-->input text = 
20:30:42.742 INFO  manager.WDListener - After click element-->(164, 313) text = 
20:30:42.742 INFO  manager.WDListener - clear element -->[[ChromeDriver: chrome on windows (0fb2d9d156968215c8d20fe05227ce23)] -> css selector: [placeholder='Phone']]
20:30:42.808 INFO  manager.WDListener - sendKys-->input
20:30:42.835 INFO  manager.WDListener - sendKys-->input
20:30:42.874 INFO  manager.WDListener - sendKys-->input
20:30:42.904 INFO  manager.WDListener - Before click element-->input text = 
20:30:42.977 INFO  manager.WDListener - After click element-->(164, 387) text = 
20:30:42.978 INFO  manager.WDListener - clear element -->[[ChromeDriver: chrome on windows (0fb2d9d156968215c8d20fe05227ce23)] -> css selector: [placeholder='email']]
20:30:43.057 INFO  manager.WDListener - sendKys-->input
20:30:43.086 INFO  manager.WDListener - sendKys-->input
20:30:43.125 INFO  manager.WDListener - sendKys-->input
20:30:43.154 INFO  manager.WDListener - Before click element-->input text = 
20:30:43.229 INFO  manager.WDListener - After click element-->(164, 461) text = 
20:30:43.229 INFO  manager.WDListener - clear element -->[[ChromeDriver: chrome on windows (0fb2d9d156968215c8d20fe05227ce23)] -> css selector: [placeholder='Address']]
20:30:43.283 INFO  manager.WDListener - sendKys-->input
20:30:43.312 INFO  manager.WDListener - sendKys-->input
20:30:43.341 INFO  manager.WDListener - sendKys-->input
20:30:43.374 INFO  manager.WDListener - Before click element-->input text = 
20:30:43.466 INFO  manager.WDListener - After click element-->(164, 535) text = 
20:30:43.466 INFO  manager.WDListener - clear element -->[[ChromeDriver: chrome on windows (0fb2d9d156968215c8d20fe05227ce23)] -> css selector: [placeholder='description']]
20:30:43.557 INFO  manager.WDListener - sendKys-->input
20:30:43.587 INFO  manager.WDListener - sendKys-->input
20:30:43.627 INFO  manager.WDListener - sendKys-->input
20:30:43.657 INFO  manager.WDListener - Before click element-->b text = Save
20:30:43.716 INFO  manager.WDListener - After click element-->(500, 622) text = Save
20:30:43.740 INFO  manager.WDListener - Huston we have a problem!
20:30:43.740 INFO  manager.WDListener - Object target--->org.openqa.selenium.remote.RemoteWebDriver$RemoteTargetLocator@58b97c15
20:30:43.741 INFO  manager.WDListener - *******************
20:30:43.741 INFO  manager.WDListener - Method name--->alert
20:30:43.741 INFO  manager.WDListener - *******************
20:30:43.741 INFO  manager.WDListener - InvocationTargetExceptionorg.openqa.selenium.NoAlertPresentException: no such alert
  (Session info: chrome=134.0.6998.36)
Build info: version: '4.16.1', revision: '9b4c83354e'
System info: os.name: 'Windows 11', os.arch: 'amd64', os.version: '10.0', java.version: '11.0.21'
Driver info: org.openqa.selenium.chrome.ChromeDriver
Command: [0fb2d9d156968215c8d20fe05227ce23, getAlertText {}]
Capabilities {acceptInsecureCerts: false, browserName: chrome, browserVersion: 134.0.6998.36, chrome: {chromedriverVersion: 134.0.6998.35 (ea6ef4c2ac15..., userDataDir: C:\Users\marii\AppData\Loca...}, fedcm:accounts: true, goog:chromeOptions: {debuggerAddress: localhost:51039}, networkConnectionEnabled: false, pageLoadStrategy: normal, platformName: windows, proxy: Proxy(), se:cdp: ws://localhost:51039/devtoo..., se:cdpVersion: 134.0.6998.36, setWindowRect: true, strictFileInteractability: false, timeouts: {implicit: 0, pageLoad: 300000, script: 30000}, unhandledPromptBehavior: dismiss and notify, webauthn:extension:credBlob: true, webauthn:extension:largeBlob: true, webauthn:extension:minPinLength: true, webauthn:extension:prf: true, webauthn:virtualAuthenticators: true}
Session ID: 0fb2d9d156968215c8d20fe05227ce23
20:30:43.741 INFO  manager.WDListener - *******************
20:30:43.742 INFO  manager.WDListener - Screen with error is--->src/test/screenshots/screen_1018.png
20:30:44.284 INFO  manager.TestNGListener - start test -->addNewContactWrongEmail
20:30:44.285 INFO  tests.TestBase - Name of method--->addNewContactWrongLastName
20:30:44.285 INFO  manager.TestNGListener - start test -->addNewContactWrongLastName
20:30:44.286 INFO  tests.TestBase - Tests run with data: --->Contact(name=Tony, lastName=, phone=343434349862, email=stark@gmail.com, address=NY, description=Empty LastName)
20:30:44.323 INFO  manager.WDListener - Before click element-->a text = ADD
20:30:44.436 INFO  manager.WDListener - After click element-->(786, 33) text = ADD
20:30:44.468 INFO  manager.WDListener - Before click element-->input text = 
20:30:44.535 INFO  manager.WDListener - After click element-->(164, 165) text = 
20:30:44.535 INFO  manager.WDListener - clear element -->[[ChromeDriver: chrome on windows (0fb2d9d156968215c8d20fe05227ce23)] -> css selector: [placeholder='Name']]
20:30:44.612 INFO  manager.WDListener - sendKys-->input
20:30:44.657 INFO  manager.WDListener - sendKys-->input
20:30:44.686 INFO  manager.WDListener - sendKys-->input
20:30:44.713 INFO  manager.WDListener - Before click element-->input text = 
20:30:44.783 INFO  manager.WDListener - After click element-->(164, 239) text = 
20:30:44.783 INFO  manager.WDListener - clear element -->[[ChromeDriver: chrome on windows (0fb2d9d156968215c8d20fe05227ce23)] -> css selector: [placeholder='Last Name']]
20:30:44.847 INFO  manager.WDListener - sendKys-->input
20:30:44.874 INFO  manager.WDListener - sendKys-->input
20:30:44.901 INFO  manager.WDListener - sendKys-->input
20:30:44.929 INFO  manager.WDListener - Before click element-->input text = 
20:30:44.996 INFO  manager.WDListener - After click element-->(164, 313) text = 
20:30:44.996 INFO  manager.WDListener - clear element -->[[ChromeDriver: chrome on windows (0fb2d9d156968215c8d20fe05227ce23)] -> css selector: [placeholder='Phone']]
20:30:45.068 INFO  manager.WDListener - sendKys-->input
20:30:45.099 INFO  manager.WDListener - sendKys-->input
20:30:45.132 INFO  manager.WDListener - sendKys-->input
20:30:45.156 INFO  manager.WDListener - Before click element-->input text = 
20:30:45.217 INFO  manager.WDListener - After click element-->(164, 387) text = 
20:30:45.217 INFO  manager.WDListener - clear element -->[[ChromeDriver: chrome on windows (0fb2d9d156968215c8d20fe05227ce23)] -> css selector: [placeholder='email']]
20:30:45.296 INFO  manager.WDListener - sendKys-->input
20:30:45.322 INFO  manager.WDListener - sendKys-->input
20:30:45.357 INFO  manager.WDListener - sendKys-->input
20:30:45.383 INFO  manager.WDListener - Before click element-->input text = 
20:30:45.446 INFO  manager.WDListener - After click element-->(164, 461) text = 
20:30:45.447 INFO  manager.WDListener - clear element -->[[ChromeDriver: chrome on windows (0fb2d9d156968215c8d20fe05227ce23)] -> css selector: [placeholder='Address']]
20:30:45.514 INFO  manager.WDListener - sendKys-->input
20:30:45.552 INFO  manager.WDListener - sendKys-->input
20:30:45.589 INFO  manager.WDListener - sendKys-->input
20:30:45.619 INFO  manager.WDListener - Before click element-->input text = 
20:30:45.683 INFO  manager.WDListener - After click element-->(164, 535) text = 
20:30:45.683 INFO  manager.WDListener - clear element -->[[ChromeDriver: chrome on windows (0fb2d9d156968215c8d20fe05227ce23)] -> css selector: [placeholder='description']]
20:30:45.761 INFO  manager.WDListener - sendKys-->input
20:30:45.792 INFO  manager.WDListener - sendKys-->input
20:30:45.850 INFO  manager.WDListener - sendKys-->input
20:30:45.888 INFO  manager.WDListener - Before click element-->b text = Save
20:30:45.943 INFO  manager.WDListener - After click element-->(500, 622) text = Save
20:30:45.953 INFO  manager.TestNGListener - start test -->addNewContactWrongLastName
20:30:45.954 INFO  tests.TestBase - Name of method--->addNewContactWrongName
20:30:45.955 INFO  manager.TestNGListener - start test -->addNewContactWrongName
20:30:45.956 INFO  tests.TestBase - Tests run with data: --->Contact(name=, lastName=Stark, phone=343434349862, email=stark@gmail.com, address=NY, description=Empty name)
20:30:45.981 INFO  manager.WDListener - Before click element-->a text = ADD
20:30:46.175 INFO  manager.WDListener - After click element-->(786, 33) text = ADD
20:30:46.219 INFO  manager.WDListener - Before click element-->input text = 
20:30:46.309 INFO  manager.WDListener - After click element-->(164, 165) text = 
20:30:46.309 INFO  manager.WDListener - clear element -->[[ChromeDriver: chrome on windows (0fb2d9d156968215c8d20fe05227ce23)] -> css selector: [placeholder='Name']]
20:30:46.385 INFO  manager.WDListener - sendKys-->input
20:30:46.421 INFO  manager.WDListener - sendKys-->input
20:30:46.456 INFO  manager.WDListener - sendKys-->input
20:30:46.481 INFO  manager.WDListener - Before click element-->input text = 
20:30:46.563 INFO  manager.WDListener - After click element-->(164, 239) text = 
20:30:46.564 INFO  manager.WDListener - clear element -->[[ChromeDriver: chrome on windows (0fb2d9d156968215c8d20fe05227ce23)] -> css selector: [placeholder='Last Name']]
20:30:46.618 INFO  manager.WDListener - sendKys-->input
20:30:46.648 INFO  manager.WDListener - sendKys-->input
20:30:46.682 INFO  manager.WDListener - sendKys-->input
20:30:46.718 INFO  manager.WDListener - Before click element-->input text = 
20:30:46.789 INFO  manager.WDListener - After click element-->(164, 313) text = 
20:30:46.789 INFO  manager.WDListener - clear element -->[[ChromeDriver: chrome on windows (0fb2d9d156968215c8d20fe05227ce23)] -> css selector: [placeholder='Phone']]
20:30:46.860 INFO  manager.WDListener - sendKys-->input
20:30:46.889 INFO  manager.WDListener - sendKys-->input
20:30:46.924 INFO  manager.WDListener - sendKys-->input
20:30:46.950 INFO  manager.WDListener - Before click element-->input text = 
20:30:47.018 INFO  manager.WDListener - After click element-->(164, 387) text = 
20:30:47.018 INFO  manager.WDListener - clear element -->[[ChromeDriver: chrome on windows (0fb2d9d156968215c8d20fe05227ce23)] -> css selector: [placeholder='email']]
20:30:47.090 INFO  manager.WDListener - sendKys-->input
20:30:47.132 INFO  manager.WDListener - sendKys-->input
20:30:47.178 INFO  manager.WDListener - sendKys-->input
20:30:47.215 INFO  manager.WDListener - Before click element-->input text = 
20:30:47.302 INFO  manager.WDListener - After click element-->(164, 461) text = 
20:30:47.302 INFO  manager.WDListener - clear element -->[[ChromeDriver: chrome on windows (0fb2d9d156968215c8d20fe05227ce23)] -> css selector: [placeholder='Address']]
20:30:47.366 INFO  manager.WDListener - sendKys-->input
20:30:47.391 INFO  manager.WDListener - sendKys-->input
20:30:47.420 INFO  manager.WDListener - sendKys-->input
20:30:47.445 INFO  manager.WDListener - Before click element-->input text = 
20:30:47.522 INFO  manager.WDListener - After click element-->(164, 535) text = 
20:30:47.522 INFO  manager.WDListener - clear element -->[[ChromeDriver: chrome on windows (0fb2d9d156968215c8d20fe05227ce23)] -> css selector: [placeholder='description']]
20:30:47.607 INFO  manager.WDListener - sendKys-->input
20:30:47.635 INFO  manager.WDListener - sendKys-->input
20:30:47.672 INFO  manager.WDListener - sendKys-->input
20:30:47.707 INFO  manager.WDListener - Before click element-->b text = Save
20:30:47.778 INFO  manager.WDListener - After click element-->(500, 622) text = Save
20:30:47.789 INFO  manager.TestNGListener - start test -->addNewContactWrongName
20:30:47.790 INFO  tests.TestBase - Name of method--->addNewContactWrongPhone
20:30:47.790 INFO  manager.TestNGListener - start test -->addNewContactWrongPhone
20:30:47.791 INFO  tests.TestBase - Tests run with data: --->Contact(name=John, lastName=Wick, phone=123, email=john@gmail.com, address=NY, description=John)
20:30:47.818 INFO  manager.WDListener - Before click element-->a text = ADD
20:30:47.891 INFO  manager.WDListener - After click element-->(786, 33) text = ADD
20:30:47.926 INFO  manager.WDListener - Before click element-->input text = 
20:30:47.987 INFO  manager.WDListener - After click element-->(164, 165) text = 
20:30:47.987 INFO  manager.WDListener - clear element -->[[ChromeDriver: chrome on windows (0fb2d9d156968215c8d20fe05227ce23)] -> css selector: [placeholder='Name']]
20:30:48.039 INFO  manager.WDListener - sendKys-->input
20:30:48.067 INFO  manager.WDListener - sendKys-->input
20:30:48.112 INFO  manager.WDListener - sendKys-->input
20:30:48.143 INFO  manager.WDListener - Before click element-->input text = 
20:30:48.215 INFO  manager.WDListener - After click element-->(164, 239) text = 
20:30:48.216 INFO  manager.WDListener - clear element -->[[ChromeDriver: chrome on windows (0fb2d9d156968215c8d20fe05227ce23)] -> css selector: [placeholder='Last Name']]
20:30:48.281 INFO  manager.WDListener - sendKys-->input
20:30:48.307 INFO  manager.WDListener - sendKys-->input
20:30:48.337 INFO  manager.WDListener - sendKys-->input
20:30:48.356 INFO  manager.WDListener - Before click element-->input text = 
20:30:48.417 INFO  manager.WDListener - After click element-->(164, 313) text = 
20:30:48.417 INFO  manager.WDListener - clear element -->[[ChromeDriver: chrome on windows (0fb2d9d156968215c8d20fe05227ce23)] -> css selector: [placeholder='Phone']]
20:30:48.487 INFO  manager.WDListener - sendKys-->input
20:30:48.519 INFO  manager.WDListener - sendKys-->input
20:30:48.548 INFO  manager.WDListener - sendKys-->input
20:30:48.573 INFO  manager.WDListener - Before click element-->input text = 
20:30:48.644 INFO  manager.WDListener - After click element-->(164, 387) text = 
20:30:48.644 INFO  manager.WDListener - clear element -->[[ChromeDriver: chrome on windows (0fb2d9d156968215c8d20fe05227ce23)] -> css selector: [placeholder='email']]
20:30:48.710 INFO  manager.WDListener - sendKys-->input
20:30:48.741 INFO  manager.WDListener - sendKys-->input
20:30:48.776 INFO  manager.WDListener - sendKys-->input
20:30:48.801 INFO  manager.WDListener - Before click element-->input text = 
20:30:48.863 INFO  manager.WDListener - After click element-->(164, 461) text = 
20:30:48.864 INFO  manager.WDListener - clear element -->[[ChromeDriver: chrome on windows (0fb2d9d156968215c8d20fe05227ce23)] -> css selector: [placeholder='Address']]
20:30:48.931 INFO  manager.WDListener - sendKys-->input
20:30:48.963 INFO  manager.WDListener - sendKys-->input
20:30:49.000 INFO  manager.WDListener - sendKys-->input
20:30:49.022 INFO  manager.WDListener - Before click element-->input text = 
20:30:49.090 INFO  manager.WDListener - After click element-->(164, 535) text = 
20:30:49.090 INFO  manager.WDListener - clear element -->[[ChromeDriver: chrome on windows (0fb2d9d156968215c8d20fe05227ce23)] -> css selector: [placeholder='description']]
20:30:49.152 INFO  manager.WDListener - sendKys-->input
20:30:49.178 INFO  manager.WDListener - sendKys-->input
20:30:49.208 INFO  manager.WDListener - sendKys-->input
20:30:49.230 INFO  manager.WDListener - Before click element-->b text = Save
20:30:49.301 INFO  manager.WDListener - After click element-->(500, 622) text = Save
20:30:49.315 INFO  manager.WDListener - Huston we have a problem!
20:30:49.316 INFO  manager.WDListener - Object target--->org.openqa.selenium.remote.RemoteWebDriver$RemoteTargetLocator@846b47
20:30:49.316 INFO  manager.WDListener - *******************
20:30:49.316 INFO  manager.WDListener - Method name--->alert
20:30:49.316 INFO  manager.WDListener - *******************
20:30:49.316 INFO  manager.WDListener - InvocationTargetExceptionorg.openqa.selenium.NoAlertPresentException: no such alert
  (Session info: chrome=134.0.6998.36)
Build info: version: '4.16.1', revision: '9b4c83354e'
System info: os.name: 'Windows 11', os.arch: 'amd64', os.version: '10.0', java.version: '11.0.21'
Driver info: org.openqa.selenium.chrome.ChromeDriver
Command: [0fb2d9d156968215c8d20fe05227ce23, getAlertText {}]
Capabilities {acceptInsecureCerts: false, browserName: chrome, browserVersion: 134.0.6998.36, chrome: {chromedriverVersion: 134.0.6998.35 (ea6ef4c2ac15..., userDataDir: C:\Users\marii\AppData\Loca...}, fedcm:accounts: true, goog:chromeOptions: {debuggerAddress: localhost:51039}, networkConnectionEnabled: false, pageLoadStrategy: normal, platformName: windows, proxy: Proxy(), se:cdp: ws://localhost:51039/devtoo..., se:cdpVersion: 134.0.6998.36, setWindowRect: true, strictFileInteractability: false, timeouts: {implicit: 0, pageLoad: 300000, script: 30000}, unhandledPromptBehavior: dismiss and notify, webauthn:extension:credBlob: true, webauthn:extension:largeBlob: true, webauthn:extension:minPinLength: true, webauthn:extension:prf: true, webauthn:virtualAuthenticators: true}
Session ID: 0fb2d9d156968215c8d20fe05227ce23
20:30:49.316 INFO  manager.WDListener - *******************
20:30:49.316 INFO  manager.WDListener - Screen with error is--->src/test/screenshots/screen_1377.png
20:30:49.838 INFO  manager.TestNGListener - start test -->addNewContactWrongPhone
20:30:49.839 INFO  tests.TestBase - Name of method--->addNewContactWrongPhone
20:30:49.839 INFO  manager.TestNGListener - start test -->addNewContactWrongPhone
20:30:49.839 INFO  tests.TestBase - Tests run with data: --->Contact(name=John, lastName=Wick, phone=12345695632145789652, email=john@gmail.com, address=NY, description=John)
20:30:49.873 INFO  manager.WDListener - Before click element-->a text = ADD
20:30:49.974 INFO  manager.WDListener - After click element-->(786, 33) text = ADD
20:30:50.006 INFO  manager.WDListener - Before click element-->input text = 
20:30:50.099 INFO  manager.WDListener - After click element-->(164, 165) text = 
20:30:50.099 INFO  manager.WDListener - clear element -->[[ChromeDriver: chrome on windows (0fb2d9d156968215c8d20fe05227ce23)] -> css selector: [placeholder='Name']]
20:30:50.164 INFO  manager.WDListener - sendKys-->input
20:30:50.190 INFO  manager.WDListener - sendKys-->input
20:30:50.214 INFO  manager.WDListener - sendKys-->input
20:30:50.239 INFO  manager.WDListener - Before click element-->input text = 
20:30:50.307 INFO  manager.WDListener - After click element-->(164, 239) text = 
20:30:50.308 INFO  manager.WDListener - clear element -->[[ChromeDriver: chrome on windows (0fb2d9d156968215c8d20fe05227ce23)] -> css selector: [placeholder='Last Name']]
20:30:50.374 INFO  manager.WDListener - sendKys-->input
20:30:50.407 INFO  manager.WDListener - sendKys-->input
20:30:50.438 INFO  manager.WDListener - sendKys-->input
20:30:50.459 INFO  manager.WDListener - Before click element-->input text = 
20:30:50.513 INFO  manager.WDListener - After click element-->(164, 313) text = 
20:30:50.513 INFO  manager.WDListener - clear element -->[[ChromeDriver: chrome on windows (0fb2d9d156968215c8d20fe05227ce23)] -> css selector: [placeholder='Phone']]
20:30:50.591 INFO  manager.WDListener - sendKys-->input
20:30:50.619 INFO  manager.WDListener - sendKys-->input
20:30:50.662 INFO  manager.WDListener - sendKys-->input
20:30:50.684 INFO  manager.WDListener - Before click element-->input text = 
20:30:50.770 INFO  manager.WDListener - After click element-->(164, 387) text = 
20:30:50.770 INFO  manager.WDListener - clear element -->[[ChromeDriver: chrome on windows (0fb2d9d156968215c8d20fe05227ce23)] -> css selector: [placeholder='email']]
20:30:50.841 INFO  manager.WDListener - sendKys-->input
20:30:50.878 INFO  manager.WDListener - sendKys-->input
20:30:50.914 INFO  manager.WDListener - sendKys-->input
20:30:50.941 INFO  manager.WDListener - Before click element-->input text = 
20:30:51.001 INFO  manager.WDListener - After click element-->(164, 461) text = 
20:30:51.001 INFO  manager.WDListener - clear element -->[[ChromeDriver: chrome on windows (0fb2d9d156968215c8d20fe05227ce23)] -> css selector: [placeholder='Address']]
20:30:51.061 INFO  manager.WDListener - sendKys-->input
20:30:51.096 INFO  manager.WDListener - sendKys-->input
20:30:51.130 INFO  manager.WDListener - sendKys-->input
20:30:51.158 INFO  manager.WDListener - Before click element-->input text = 
20:30:51.243 INFO  manager.WDListener - After click element-->(164, 535) text = 
20:30:51.243 INFO  manager.WDListener - clear element -->[[ChromeDriver: chrome on windows (0fb2d9d156968215c8d20fe05227ce23)] -> css selector: [placeholder='description']]
20:30:51.319 INFO  manager.WDListener - sendKys-->input
20:30:51.350 INFO  manager.WDListener - sendKys-->input
20:30:51.387 INFO  manager.WDListener - sendKys-->input
20:30:51.413 INFO  manager.WDListener - Before click element-->b text = Save
20:30:51.482 INFO  manager.WDListener - After click element-->(500, 622) text = Save
20:30:51.499 INFO  manager.WDListener - Huston we have a problem!
20:30:51.499 INFO  manager.WDListener - Object target--->org.openqa.selenium.remote.RemoteWebDriver$RemoteTargetLocator@144440f5
20:30:51.499 INFO  manager.WDListener - *******************
20:30:51.499 INFO  manager.WDListener - Method name--->alert
20:30:51.499 INFO  manager.WDListener - *******************
20:30:51.499 INFO  manager.WDListener - InvocationTargetExceptionorg.openqa.selenium.NoAlertPresentException: no such alert
  (Session info: chrome=134.0.6998.36)
Build info: version: '4.16.1', revision: '9b4c83354e'
System info: os.name: 'Windows 11', os.arch: 'amd64', os.version: '10.0', java.version: '11.0.21'
Driver info: org.openqa.selenium.chrome.ChromeDriver
Command: [0fb2d9d156968215c8d20fe05227ce23, getAlertText {}]
Capabilities {acceptInsecureCerts: false, browserName: chrome, browserVersion: 134.0.6998.36, chrome: {chromedriverVersion: 134.0.6998.35 (ea6ef4c2ac15..., userDataDir: C:\Users\marii\AppData\Loca...}, fedcm:accounts: true, goog:chromeOptions: {debuggerAddress: localhost:51039}, networkConnectionEnabled: false, pageLoadStrategy: normal, platformName: windows, proxy: Proxy(), se:cdp: ws://localhost:51039/devtoo..., se:cdpVersion: 134.0.6998.36, setWindowRect: true, strictFileInteractability: false, timeouts: {implicit: 0, pageLoad: 300000, script: 30000}, unhandledPromptBehavior: dismiss and notify, webauthn:extension:credBlob: true, webauthn:extension:largeBlob: true, webauthn:extension:minPinLength: true, webauthn:extension:prf: true, webauthn:virtualAuthenticators: true}
Session ID: 0fb2d9d156968215c8d20fe05227ce23
20:30:51.499 INFO  manager.WDListener - *******************
20:30:51.499 INFO  manager.WDListener - Screen with error is--->src/test/screenshots/screen_1502.png
20:30:52.027 INFO  manager.TestNGListener - start test -->addNewContactWrongPhone
20:30:52.028 INFO  tests.TestBase - Name of method--->addNewContactWrongPhone
20:30:52.028 INFO  manager.TestNGListener - start test -->addNewContactWrongPhone
20:30:52.029 INFO  tests.TestBase - Tests run with data: --->Contact(name=John, lastName=Wick, phone=, email=john@gmail.com, address=NY, description=John)
20:30:52.063 INFO  manager.WDListener - Before click element-->a text = ADD
20:30:52.154 INFO  manager.WDListener - After click element-->(786, 33) text = ADD
20:30:52.192 INFO  manager.WDListener - Before click element-->input text = 
20:30:52.273 INFO  manager.WDListener - After click element-->(164, 165) text = 
20:30:52.273 INFO  manager.WDListener - clear element -->[[ChromeDriver: chrome on windows (0fb2d9d156968215c8d20fe05227ce23)] -> css selector: [placeholder='Name']]
20:30:52.345 INFO  manager.WDListener - sendKys-->input
20:30:52.371 INFO  manager.WDListener - sendKys-->input
20:30:52.401 INFO  manager.WDListener - sendKys-->input
20:30:52.427 INFO  manager.WDListener - Before click element-->input text = 
20:30:52.489 INFO  manager.WDListener - After click element-->(164, 239) text = 
20:30:52.489 INFO  manager.WDListener - clear element -->[[ChromeDriver: chrome on windows (0fb2d9d156968215c8d20fe05227ce23)] -> css selector: [placeholder='Last Name']]
20:30:52.549 INFO  manager.WDListener - sendKys-->input
20:30:52.578 INFO  manager.WDListener - sendKys-->input
20:30:52.606 INFO  manager.WDListener - sendKys-->input
20:30:52.628 INFO  manager.WDListener - Before click element-->input text = 
20:30:52.696 INFO  manager.WDListener - After click element-->(164, 313) text = 
20:30:52.696 INFO  manager.WDListener - clear element -->[[ChromeDriver: chrome on windows (0fb2d9d156968215c8d20fe05227ce23)] -> css selector: [placeholder='Phone']]
20:30:52.764 INFO  manager.WDListener - sendKys-->input
20:30:52.793 INFO  manager.WDListener - sendKys-->input
20:30:52.814 INFO  manager.WDListener - sendKys-->input
20:30:52.838 INFO  manager.WDListener - Before click element-->input text = 
20:30:52.897 INFO  manager.WDListener - After click element-->(164, 387) text = 
20:30:52.897 INFO  manager.WDListener - clear element -->[[ChromeDriver: chrome on windows (0fb2d9d156968215c8d20fe05227ce23)] -> css selector: [placeholder='email']]
20:30:52.958 INFO  manager.WDListener - sendKys-->input
20:30:52.985 INFO  manager.WDListener - sendKys-->input
20:30:53.017 INFO  manager.WDListener - sendKys-->input
20:30:53.041 INFO  manager.WDListener - Before click element-->input text = 
20:30:53.104 INFO  manager.WDListener - After click element-->(164, 461) text = 
20:30:53.104 INFO  manager.WDListener - clear element -->[[ChromeDriver: chrome on windows (0fb2d9d156968215c8d20fe05227ce23)] -> css selector: [placeholder='Address']]
20:30:53.167 INFO  manager.WDListener - sendKys-->input
20:30:53.198 INFO  manager.WDListener - sendKys-->input
20:30:53.230 INFO  manager.WDListener - sendKys-->input
20:30:53.258 INFO  manager.WDListener - Before click element-->input text = 
20:30:53.323 INFO  manager.WDListener - After click element-->(164, 535) text = 
20:30:53.323 INFO  manager.WDListener - clear element -->[[ChromeDriver: chrome on windows (0fb2d9d156968215c8d20fe05227ce23)] -> css selector: [placeholder='description']]
20:30:53.397 INFO  manager.WDListener - sendKys-->input
20:30:53.425 INFO  manager.WDListener - sendKys-->input
20:30:53.457 INFO  manager.WDListener - sendKys-->input
20:30:53.488 INFO  manager.WDListener - Before click element-->b text = Save
20:30:53.552 INFO  manager.WDListener - After click element-->(500, 622) text = Save
20:30:53.571 INFO  manager.WDListener - Huston we have a problem!
20:30:53.571 INFO  manager.WDListener - Object target--->org.openqa.selenium.remote.RemoteWebDriver$RemoteTargetLocator@14ad42
20:30:53.571 INFO  manager.WDListener - *******************
20:30:53.571 INFO  manager.WDListener - Method name--->alert
20:30:53.571 INFO  manager.WDListener - *******************
20:30:53.571 INFO  manager.WDListener - InvocationTargetExceptionorg.openqa.selenium.NoAlertPresentException: no such alert
  (Session info: chrome=134.0.6998.36)
Build info: version: '4.16.1', revision: '9b4c83354e'
System info: os.name: 'Windows 11', os.arch: 'amd64', os.version: '10.0', java.version: '11.0.21'
Driver info: org.openqa.selenium.chrome.ChromeDriver
Command: [0fb2d9d156968215c8d20fe05227ce23, getAlertText {}]
Capabilities {acceptInsecureCerts: false, browserName: chrome, browserVersion: 134.0.6998.36, chrome: {chromedriverVersion: 134.0.6998.35 (ea6ef4c2ac15..., userDataDir: C:\Users\marii\AppData\Loca...}, fedcm:accounts: true, goog:chromeOptions: {debuggerAddress: localhost:51039}, networkConnectionEnabled: false, pageLoadStrategy: normal, platformName: windows, proxy: Proxy(), se:cdp: ws://localhost:51039/devtoo..., se:cdpVersion: 134.0.6998.36, setWindowRect: true, strictFileInteractability: false, timeouts: {implicit: 0, pageLoad: 300000, script: 30000}, unhandledPromptBehavior: dismiss and notify, webauthn:extension:credBlob: true, webauthn:extension:largeBlob: true, webauthn:extension:minPinLength: true, webauthn:extension:prf: true, webauthn:virtualAuthenticators: true}
Session ID: 0fb2d9d156968215c8d20fe05227ce23
20:30:53.571 INFO  manager.WDListener - *******************
20:30:53.571 INFO  manager.WDListener - Screen with error is--->src/test/screenshots/screen_1465.png
20:30:54.099 INFO  manager.TestNGListener - start test -->addNewContactWrongPhone
20:30:54.100 INFO  tests.TestBase - Name of method--->addNewContactWrongPhone
20:30:54.101 INFO  manager.TestNGListener - start test -->addNewContactWrongPhone
20:30:54.101 INFO  tests.TestBase - Tests run with data: --->Contact(name=John, lastName=Wick, phone=wwwwwwwwwwww, email=john@gmail.com, address=NY, description=John)
20:30:54.143 INFO  manager.WDListener - Before click element-->a text = ADD
20:30:54.285 INFO  manager.WDListener - After click element-->(786, 33) text = ADD
20:30:54.322 INFO  manager.WDListener - Before click element-->input text = 
20:30:54.407 INFO  manager.WDListener - After click element-->(164, 165) text = 
20:30:54.407 INFO  manager.WDListener - clear element -->[[ChromeDriver: chrome on windows (0fb2d9d156968215c8d20fe05227ce23)] -> css selector: [placeholder='Name']]
20:30:54.472 INFO  manager.WDListener - sendKys-->input
20:30:54.497 INFO  manager.WDListener - sendKys-->input
20:30:54.527 INFO  manager.WDListener - sendKys-->input
20:30:54.545 INFO  manager.WDListener - Before click element-->input text = 
20:30:54.597 INFO  manager.WDListener - After click element-->(164, 239) text = 
20:30:54.597 INFO  manager.WDListener - clear element -->[[ChromeDriver: chrome on windows (0fb2d9d156968215c8d20fe05227ce23)] -> css selector: [placeholder='Last Name']]
20:30:54.655 INFO  manager.WDListener - sendKys-->input
20:30:54.680 INFO  manager.WDListener - sendKys-->input
20:30:54.705 INFO  manager.WDListener - sendKys-->input
20:30:54.729 INFO  manager.WDListener - Before click element-->input text = 
20:30:54.787 INFO  manager.WDListener - After click element-->(164, 313) text = 
20:30:54.787 INFO  manager.WDListener - clear element -->[[ChromeDriver: chrome on windows (0fb2d9d156968215c8d20fe05227ce23)] -> css selector: [placeholder='Phone']]
20:30:54.836 INFO  manager.WDListener - sendKys-->input
20:30:54.860 INFO  manager.WDListener - sendKys-->input
20:30:54.891 INFO  manager.WDListener - sendKys-->input
20:30:54.911 INFO  manager.WDListener - Before click element-->input text = 
20:30:54.973 INFO  manager.WDListener - After click element-->(164, 387) text = 
20:30:54.974 INFO  manager.WDListener - clear element -->[[ChromeDriver: chrome on windows (0fb2d9d156968215c8d20fe05227ce23)] -> css selector: [placeholder='email']]
20:30:55.032 INFO  manager.WDListener - sendKys-->input
20:30:55.060 INFO  manager.WDListener - sendKys-->input
20:30:55.110 INFO  manager.WDListener - sendKys-->input
20:30:55.140 INFO  manager.WDListener - Before click element-->input text = 
20:30:55.211 INFO  manager.WDListener - After click element-->(164, 461) text = 
20:30:55.211 INFO  manager.WDListener - clear element -->[[ChromeDriver: chrome on windows (0fb2d9d156968215c8d20fe05227ce23)] -> css selector: [placeholder='Address']]
20:30:55.285 INFO  manager.WDListener - sendKys-->input
20:30:55.313 INFO  manager.WDListener - sendKys-->input
20:30:55.344 INFO  manager.WDListener - sendKys-->input
20:30:55.371 INFO  manager.WDListener - Before click element-->input text = 
20:30:55.435 INFO  manager.WDListener - After click element-->(164, 535) text = 
20:30:55.435 INFO  manager.WDListener - clear element -->[[ChromeDriver: chrome on windows (0fb2d9d156968215c8d20fe05227ce23)] -> css selector: [placeholder='description']]
20:30:55.495 INFO  manager.WDListener - sendKys-->input
20:30:55.527 INFO  manager.WDListener - sendKys-->input
20:30:55.557 INFO  manager.WDListener - sendKys-->input
20:30:55.581 INFO  manager.WDListener - Before click element-->b text = Save
20:30:55.642 INFO  manager.WDListener - After click element-->(500, 622) text = Save
20:30:55.655 INFO  manager.WDListener - Huston we have a problem!
20:30:55.656 INFO  manager.WDListener - Object target--->org.openqa.selenium.remote.RemoteWebDriver$RemoteTargetLocator@771d4db
20:30:55.656 INFO  manager.WDListener - *******************
20:30:55.656 INFO  manager.WDListener - Method name--->alert
20:30:55.656 INFO  manager.WDListener - *******************
20:30:55.656 INFO  manager.WDListener - InvocationTargetExceptionorg.openqa.selenium.NoAlertPresentException: no such alert
  (Session info: chrome=134.0.6998.36)
Build info: version: '4.16.1', revision: '9b4c83354e'
System info: os.name: 'Windows 11', os.arch: 'amd64', os.version: '10.0', java.version: '11.0.21'
Driver info: org.openqa.selenium.chrome.ChromeDriver
Command: [0fb2d9d156968215c8d20fe05227ce23, getAlertText {}]
Capabilities {acceptInsecureCerts: false, browserName: chrome, browserVersion: 134.0.6998.36, chrome: {chromedriverVersion: 134.0.6998.35 (ea6ef4c2ac15..., userDataDir: C:\Users\marii\AppData\Loca...}, fedcm:accounts: true, goog:chromeOptions: {debuggerAddress: localhost:51039}, networkConnectionEnabled: false, pageLoadStrategy: normal, platformName: windows, proxy: Proxy(), se:cdp: ws://localhost:51039/devtoo..., se:cdpVersion: 134.0.6998.36, setWindowRect: true, strictFileInteractability: false, timeouts: {implicit: 0, pageLoad: 300000, script: 30000}, unhandledPromptBehavior: dismiss and notify, webauthn:extension:credBlob: true, webauthn:extension:largeBlob: true, webauthn:extension:minPinLength: true, webauthn:extension:prf: true, webauthn:virtualAuthenticators: true}
Session ID: 0fb2d9d156968215c8d20fe05227ce23
20:30:55.656 INFO  manager.WDListener - *******************
20:30:55.656 INFO  manager.WDListener - Screen with error is--->src/test/screenshots/screen_1952.png
20:30:56.173 INFO  manager.TestNGListener - start test -->addNewContactWrongPhone
20:30:56.177 INFO  tests.TestBase - Name of method--->loginSuccess
20:30:56.250 INFO  manager.WDListener - Before click element-->button text = Sign Out
20:30:56.358 INFO  tests.TestBase - Before method finished logout
20:30:56.358 INFO  manager.TestNGListener - start test -->loginSuccess
20:30:56.359 INFO  tests.TestBase - Start test with name 'loginSuccess'
20:30:56.384 INFO  manager.WDListener - Before click element-->a text = LOGIN
20:30:56.461 INFO  manager.WDListener - After click element-->(922, 33) text = LOGIN
20:30:56.462 INFO  manager.HelperBase - Open form by click on button with locator 'By.cssSelector("a[href='/login']")' 
20:30:56.487 INFO  manager.WDListener - Before click element-->input text = 
20:30:56.585 INFO  manager.WDListener - After click element-->(317, 250) text = 
20:30:56.585 INFO  manager.WDListener - clear element -->[[ChromeDriver: chrome on windows (0fb2d9d156968215c8d20fe05227ce23)] -> name: email]
20:30:56.639 INFO  manager.WDListener - sendKys-->input
20:30:56.667 INFO  manager.WDListener - sendKys-->input
20:30:56.703 INFO  manager.WDListener - sendKys-->input
20:30:56.703 INFO  manager.HelperBase - Type in input with locator 'By.name("email")' 
20:30:56.727 INFO  manager.WDListener - Before click element-->input text = 
20:30:56.834 INFO  manager.WDListener - After click element-->(317, 320) text = 
20:30:56.834 INFO  manager.WDListener - clear element -->[[ChromeDriver: chrome on windows (0fb2d9d156968215c8d20fe05227ce23)] -> xpath: //input[last()]]
20:30:56.885 INFO  manager.WDListener - sendKys-->input
20:30:56.913 INFO  manager.WDListener - sendKys-->input
20:30:56.944 INFO  manager.WDListener - sendKys-->input
20:30:56.945 INFO  tests.TestBase - Test data --> email: margo@gmail.com & password: Mmar123456$
20:30:56.976 INFO  manager.WDListener - Before click element-->button text = Login
20:30:57.307 INFO  tests.TestBase - Assert check is element button 'Sign out' present
20:30:57.308 INFO  manager.TestNGListener - start test -->loginSuccess
20:30:57.309 INFO  tests.TestBase - Name of method--->loginSuccess
20:30:57.350 INFO  manager.WDListener - Before click element-->button text = Sign Out
20:30:57.413 INFO  tests.TestBase - Before method finished logout
20:30:57.413 INFO  manager.TestNGListener - start test -->loginSuccess
20:30:57.413 INFO  tests.TestBase - Start test with name 'loginSuccess'
20:30:57.436 INFO  manager.WDListener - Before click element-->a text = LOGIN
20:30:57.515 INFO  manager.WDListener - After click element-->(922, 33) text = LOGIN
20:30:57.515 INFO  manager.HelperBase - Open form by click on button with locator 'By.cssSelector("a[href='/login']")' 
20:30:57.537 INFO  manager.WDListener - Before click element-->input text = 
20:30:57.644 INFO  manager.WDListener - After click element-->(317, 250) text = 
20:30:57.644 INFO  manager.WDListener - clear element -->[[ChromeDriver: chrome on windows (0fb2d9d156968215c8d20fe05227ce23)] -> name: email]
20:30:57.693 INFO  manager.WDListener - sendKys-->input
20:30:57.716 INFO  manager.WDListener - sendKys-->input
20:30:57.749 INFO  manager.WDListener - sendKys-->input
20:30:57.749 INFO  manager.HelperBase - Type in input with locator 'By.name("email")' 
20:30:57.774 INFO  manager.WDListener - Before click element-->input text = 
20:30:57.889 INFO  manager.WDListener - After click element-->(317, 320) text = 
20:30:57.889 INFO  manager.WDListener - clear element -->[[ChromeDriver: chrome on windows (0fb2d9d156968215c8d20fe05227ce23)] -> xpath: //input[last()]]
20:30:57.953 INFO  manager.WDListener - sendKys-->input
20:30:57.976 INFO  manager.WDListener - sendKys-->input
20:30:58.011 INFO  manager.WDListener - sendKys-->input
20:30:58.011 INFO  tests.TestBase - Test data --> email: mara@gmail.com & password: Mmar123456$
20:30:58.031 INFO  manager.WDListener - Before click element-->button text = Login
20:30:58.346 INFO  tests.TestBase - Assert check is element button 'Sign out' present
20:30:58.347 INFO  manager.TestNGListener - start test -->loginSuccess
20:30:58.347 INFO  tests.TestBase - Name of method--->loginSuccess
20:30:58.399 INFO  manager.WDListener - Before click element-->button text = Sign Out
20:30:58.493 INFO  tests.TestBase - Before method finished logout
20:30:58.493 INFO  manager.TestNGListener - start test -->loginSuccess
20:30:58.493 INFO  tests.TestBase - Start test with name 'loginSuccess'
20:30:58.537 INFO  manager.WDListener - Before click element-->a text = LOGIN
20:30:58.629 INFO  manager.WDListener - After click element-->(922, 33) text = LOGIN
20:30:58.629 INFO  manager.HelperBase - Open form by click on button with locator 'By.cssSelector("a[href='/login']")' 
20:30:58.664 INFO  manager.WDListener - Before click element-->input text = 
20:30:58.775 INFO  manager.WDListener - After click element-->(317, 250) text = 
20:30:58.775 INFO  manager.WDListener - clear element -->[[ChromeDriver: chrome on windows (0fb2d9d156968215c8d20fe05227ce23)] -> name: email]
20:30:58.844 INFO  manager.WDListener - sendKys-->input
20:30:58.871 INFO  manager.WDListener - sendKys-->input
20:30:58.906 INFO  manager.WDListener - sendKys-->input
20:30:58.906 INFO  manager.HelperBase - Type in input with locator 'By.name("email")' 
20:30:58.937 INFO  manager.WDListener - Before click element-->input text = 
20:30:59.039 INFO  manager.WDListener - After click element-->(317, 320) text = 
20:30:59.040 INFO  manager.WDListener - clear element -->[[ChromeDriver: chrome on windows (0fb2d9d156968215c8d20fe05227ce23)] -> xpath: //input[last()]]
20:30:59.107 INFO  manager.WDListener - sendKys-->input
20:30:59.136 INFO  manager.WDListener - sendKys-->input
20:30:59.174 INFO  manager.WDListener - sendKys-->input
20:30:59.174 INFO  tests.TestBase - Test data --> email: sonya@gmail.com & password: Ss12345$
20:30:59.209 INFO  manager.WDListener - Before click element-->button text = Login
20:30:59.555 INFO  tests.TestBase - Assert check is element button 'Sign out' present
20:30:59.555 INFO  manager.TestNGListener - start test -->loginSuccess
20:30:59.556 INFO  tests.TestBase - Name of method--->loginSuccessModel
20:30:59.605 INFO  manager.WDListener - Before click element-->button text = Sign Out
20:30:59.679 INFO  tests.TestBase - Before method finished logout
20:30:59.679 INFO  manager.TestNGListener - start test -->loginSuccessModel
20:30:59.680 INFO  tests.TestBase - Test data-->User{email='margo@gmail.com', password='Mmar123456$'}
20:30:59.709 INFO  manager.WDListener - Before click element-->a text = LOGIN
20:30:59.765 INFO  manager.WDListener - After click element-->(922, 33) text = LOGIN
20:30:59.765 INFO  manager.HelperBase - Open form by click on button with locator 'By.cssSelector("a[href='/login']")' 
20:30:59.785 INFO  manager.WDListener - Before click element-->input text = 
20:30:59.869 INFO  manager.WDListener - After click element-->(317, 250) text = 
20:30:59.869 INFO  manager.WDListener - clear element -->[[ChromeDriver: chrome on windows (0fb2d9d156968215c8d20fe05227ce23)] -> name: email]
20:30:59.919 INFO  manager.WDListener - sendKys-->input
20:30:59.953 INFO  manager.WDListener - sendKys-->input
20:30:59.989 INFO  manager.WDListener - sendKys-->input
20:31:00.024 INFO  manager.WDListener - Before click element-->input text = 
20:31:00.113 INFO  manager.WDListener - After click element-->(317, 320) text = 
20:31:00.113 INFO  manager.WDListener - clear element -->[[ChromeDriver: chrome on windows (0fb2d9d156968215c8d20fe05227ce23)] -> xpath: //input[last()]]
20:31:00.165 INFO  manager.WDListener - sendKys-->input
20:31:00.195 INFO  manager.WDListener - sendKys-->input
20:31:00.231 INFO  manager.WDListener - sendKys-->input
20:31:00.263 INFO  manager.WDListener - Before click element-->button text = Login
20:31:00.596 INFO  manager.TestNGListener - start test -->loginSuccessModel
20:31:00.596 INFO  tests.TestBase - Name of method--->loginSuccessModel
20:31:00.637 INFO  manager.WDListener - Before click element-->button text = Sign Out
20:31:00.733 INFO  tests.TestBase - Before method finished logout
20:31:00.733 INFO  manager.TestNGListener - start test -->loginSuccessModel
20:31:00.734 INFO  tests.TestBase - Test data-->User{email='mara@gmail.com', password='Mmar123456$'}
20:31:00.769 INFO  manager.WDListener - Before click element-->a text = LOGIN
20:31:00.824 INFO  manager.WDListener - After click element-->(922, 33) text = LOGIN
20:31:00.824 INFO  manager.HelperBase - Open form by click on button with locator 'By.cssSelector("a[href='/login']")' 
20:31:00.845 INFO  manager.WDListener - Before click element-->input text = 
20:31:00.937 INFO  manager.WDListener - After click element-->(317, 250) text = 
20:31:00.937 INFO  manager.WDListener - clear element -->[[ChromeDriver: chrome on windows (0fb2d9d156968215c8d20fe05227ce23)] -> name: email]
20:31:00.981 INFO  manager.WDListener - sendKys-->input
20:31:01.006 INFO  manager.WDListener - sendKys-->input
20:31:01.038 INFO  manager.WDListener - sendKys-->input
20:31:01.070 INFO  manager.WDListener - Before click element-->input text = 
20:31:01.197 INFO  manager.WDListener - After click element-->(317, 320) text = 
20:31:01.198 INFO  manager.WDListener - clear element -->[[ChromeDriver: chrome on windows (0fb2d9d156968215c8d20fe05227ce23)] -> xpath: //input[last()]]
20:31:01.245 INFO  manager.WDListener - sendKys-->input
20:31:01.273 INFO  manager.WDListener - sendKys-->input
20:31:01.304 INFO  manager.WDListener - sendKys-->input
20:31:01.330 INFO  manager.WDListener - Before click element-->button text = Login
20:31:01.646 INFO  manager.TestNGListener - start test -->loginSuccessModel
20:31:01.647 INFO  tests.TestBase - Name of method--->loginSuccessModel
20:31:01.698 INFO  manager.WDListener - Before click element-->button text = Sign Out
20:31:01.779 INFO  tests.TestBase - Before method finished logout
20:31:01.779 INFO  manager.TestNGListener - start test -->loginSuccessModel
20:31:01.779 INFO  tests.TestBase - Test data-->User{email='sonya@gmail.com', password='Ss12345$'}
20:31:01.806 INFO  manager.WDListener - Before click element-->a text = LOGIN
20:31:01.884 INFO  manager.WDListener - After click element-->(922, 33) text = LOGIN
20:31:01.884 INFO  manager.HelperBase - Open form by click on button with locator 'By.cssSelector("a[href='/login']")' 
20:31:01.905 INFO  manager.WDListener - Before click element-->input text = 
20:31:02.010 INFO  manager.WDListener - After click element-->(317, 250) text = 
20:31:02.010 INFO  manager.WDListener - clear element -->[[ChromeDriver: chrome on windows (0fb2d9d156968215c8d20fe05227ce23)] -> name: email]
20:31:02.068 INFO  manager.WDListener - sendKys-->input
20:31:02.093 INFO  manager.WDListener - sendKys-->input
20:31:02.126 INFO  manager.WDListener - sendKys-->input
20:31:02.158 INFO  manager.WDListener - Before click element-->input text = 
20:31:02.270 INFO  manager.WDListener - After click element-->(317, 320) text = 
20:31:02.270 INFO  manager.WDListener - clear element -->[[ChromeDriver: chrome on windows (0fb2d9d156968215c8d20fe05227ce23)] -> xpath: //input[last()]]
20:31:02.321 INFO  manager.WDListener - sendKys-->input
20:31:02.351 INFO  manager.WDListener - sendKys-->input
20:31:02.386 INFO  manager.WDListener - sendKys-->input
20:31:02.412 INFO  manager.WDListener - Before click element-->button text = Login
20:31:02.747 INFO  manager.TestNGListener - start test -->loginSuccessModel
20:31:02.748 INFO  tests.TestBase - Name of method--->loginSuccessModelDP
20:31:02.797 INFO  manager.WDListener - Before click element-->button text = Sign Out
20:31:02.888 INFO  tests.TestBase - Before method finished logout
20:31:02.888 INFO  manager.TestNGListener - start test -->loginSuccessModelDP
20:31:02.888 INFO  tests.TestBase - Test data-->User{email='margo@gmail.com', password='Mmar123456$'}
20:31:02.932 INFO  manager.WDListener - Before click element-->a text = LOGIN
20:31:03.013 INFO  manager.WDListener - After click element-->(922, 33) text = LOGIN
20:31:03.013 INFO  manager.HelperBase - Open form by click on button with locator 'By.cssSelector("a[href='/login']")' 
20:31:03.040 INFO  manager.WDListener - Before click element-->input text = 
20:31:03.123 INFO  manager.WDListener - After click element-->(317, 250) text = 
20:31:03.123 INFO  manager.WDListener - clear element -->[[ChromeDriver: chrome on windows (0fb2d9d156968215c8d20fe05227ce23)] -> name: email]
20:31:03.182 INFO  manager.WDListener - sendKys-->input
20:31:03.210 INFO  manager.WDListener - sendKys-->input
20:31:03.249 INFO  manager.WDListener - sendKys-->input
20:31:03.272 INFO  manager.WDListener - Before click element-->input text = 
20:31:03.366 INFO  manager.WDListener - After click element-->(317, 320) text = 
20:31:03.366 INFO  manager.WDListener - clear element -->[[ChromeDriver: chrome on windows (0fb2d9d156968215c8d20fe05227ce23)] -> xpath: //input[last()]]
20:31:03.416 INFO  manager.WDListener - sendKys-->input
20:31:03.441 INFO  manager.WDListener - sendKys-->input
20:31:03.469 INFO  manager.WDListener - sendKys-->input
20:31:03.490 INFO  manager.WDListener - Before click element-->button text = Login
20:31:03.806 INFO  manager.TestNGListener - start test -->loginSuccessModelDP
20:31:03.807 INFO  tests.TestBase - Name of method--->loginSuccessModelDP
20:31:03.853 INFO  manager.WDListener - Before click element-->button text = Sign Out
20:31:03.916 INFO  tests.TestBase - Before method finished logout
20:31:03.916 INFO  manager.TestNGListener - start test -->loginSuccessModelDP
20:31:03.916 INFO  tests.TestBase - Test data-->User{email='mara@gmail.com', password='Mmar123456$'}
20:31:03.944 INFO  manager.WDListener - Before click element-->a text = LOGIN
20:31:03.998 INFO  manager.WDListener - After click element-->(922, 33) text = LOGIN
20:31:03.999 INFO  manager.HelperBase - Open form by click on button with locator 'By.cssSelector("a[href='/login']")' 
20:31:04.017 INFO  manager.WDListener - Before click element-->input text = 
20:31:04.113 INFO  manager.WDListener - After click element-->(317, 250) text = 
20:31:04.113 INFO  manager.WDListener - clear element -->[[ChromeDriver: chrome on windows (0fb2d9d156968215c8d20fe05227ce23)] -> name: email]
20:31:04.161 INFO  manager.WDListener - sendKys-->input
20:31:04.186 INFO  manager.WDListener - sendKys-->input
20:31:04.221 INFO  manager.WDListener - sendKys-->input
20:31:04.247 INFO  manager.WDListener - Before click element-->input text = 
20:31:04.326 INFO  manager.WDListener - After click element-->(317, 320) text = 
20:31:04.327 INFO  manager.WDListener - clear element -->[[ChromeDriver: chrome on windows (0fb2d9d156968215c8d20fe05227ce23)] -> xpath: //input[last()]]
20:31:04.375 INFO  manager.WDListener - sendKys-->input
20:31:04.407 INFO  manager.WDListener - sendKys-->input
20:31:04.437 INFO  manager.WDListener - sendKys-->input
20:31:04.457 INFO  manager.WDListener - Before click element-->button text = Login
20:31:04.770 INFO  manager.TestNGListener - start test -->loginSuccessModelDP
20:31:04.771 INFO  tests.TestBase - Name of method--->loginSuccessModelDP
20:31:04.825 INFO  manager.WDListener - Before click element-->button text = Sign Out
20:31:04.910 INFO  tests.TestBase - Before method finished logout
20:31:04.910 INFO  manager.TestNGListener - start test -->loginSuccessModelDP
20:31:04.910 INFO  tests.TestBase - Test data-->User{email='sonya@gmail.com', password='Ss12345$'}
20:31:04.945 INFO  manager.WDListener - Before click element-->a text = LOGIN
20:31:05.001 INFO  manager.WDListener - After click element-->(922, 33) text = LOGIN
20:31:05.001 INFO  manager.HelperBase - Open form by click on button with locator 'By.cssSelector("a[href='/login']")' 
20:31:05.021 INFO  manager.WDListener - Before click element-->input text = 
20:31:05.113 INFO  manager.WDListener - After click element-->(317, 250) text = 
20:31:05.113 INFO  manager.WDListener - clear element -->[[ChromeDriver: chrome on windows (0fb2d9d156968215c8d20fe05227ce23)] -> name: email]
20:31:05.159 INFO  manager.WDListener - sendKys-->input
20:31:05.188 INFO  manager.WDListener - sendKys-->input
20:31:05.224 INFO  manager.WDListener - sendKys-->input
20:31:05.248 INFO  manager.WDListener - Before click element-->input text = 
20:31:05.328 INFO  manager.WDListener - After click element-->(317, 320) text = 
20:31:05.328 INFO  manager.WDListener - clear element -->[[ChromeDriver: chrome on windows (0fb2d9d156968215c8d20fe05227ce23)] -> xpath: //input[last()]]
20:31:05.395 INFO  manager.WDListener - sendKys-->input
20:31:05.424 INFO  manager.WDListener - sendKys-->input
20:31:05.459 INFO  manager.WDListener - sendKys-->input
20:31:05.484 INFO  manager.WDListener - Before click element-->button text = Login
20:31:05.803 INFO  manager.TestNGListener - start test -->loginSuccessModelDP
20:31:05.804 INFO  tests.TestBase - Name of method--->loginUnregisteredUser
20:31:05.853 INFO  manager.WDListener - Before click element-->button text = Sign Out
20:31:05.946 INFO  tests.TestBase - Before method finished logout
20:31:05.946 INFO  manager.TestNGListener - start test -->loginUnregisteredUser
20:31:05.946 INFO  tests.TestBase - Test data --> email: 'maaa@gmail.com' & password: 'Maa123456$'
20:31:05.981 INFO  manager.WDListener - Before click element-->a text = LOGIN
20:31:06.054 INFO  manager.WDListener - After click element-->(922, 33) text = LOGIN
20:31:06.054 INFO  manager.HelperBase - Open form by click on button with locator 'By.cssSelector("a[href='/login']")' 
20:31:06.070 INFO  manager.WDListener - Before click element-->input text = 
20:31:06.164 INFO  manager.WDListener - After click element-->(317, 250) text = 
20:31:06.164 INFO  manager.WDListener - clear element -->[[ChromeDriver: chrome on windows (0fb2d9d156968215c8d20fe05227ce23)] -> name: email]
20:31:06.216 INFO  manager.WDListener - sendKys-->input
20:31:06.244 INFO  manager.WDListener - sendKys-->input
20:31:06.274 INFO  manager.WDListener - sendKys-->input
20:31:06.274 INFO  manager.HelperBase - Type in input with locator 'By.name("email")' 
20:31:06.309 INFO  manager.WDListener - Before click element-->input text = 
20:31:06.419 INFO  manager.WDListener - After click element-->(317, 320) text = 
20:31:06.420 INFO  manager.WDListener - clear element -->[[ChromeDriver: chrome on windows (0fb2d9d156968215c8d20fe05227ce23)] -> xpath: //input[last()]]
20:31:06.470 INFO  manager.WDListener - sendKys-->input
20:31:06.503 INFO  manager.WDListener - sendKys-->input
20:31:06.534 INFO  manager.WDListener - sendKys-->input
20:31:06.559 INFO  manager.WDListener - Before click element-->button text = Login
20:31:06.634 INFO  manager.WDListener - Huston we have a problem!
20:31:06.634 INFO  manager.WDListener - Object target--->org.openqa.selenium.remote.RemoteWebDriver$RemoteTargetLocator@755009f2
20:31:06.634 INFO  manager.WDListener - *******************
20:31:06.634 INFO  manager.WDListener - Method name--->alert
20:31:06.634 INFO  manager.WDListener - *******************
20:31:06.634 INFO  manager.WDListener - InvocationTargetExceptionorg.openqa.selenium.NoAlertPresentException: no such alert
  (Session info: chrome=134.0.6998.36)
Build info: version: '4.16.1', revision: '9b4c83354e'
System info: os.name: 'Windows 11', os.arch: 'amd64', os.version: '10.0', java.version: '11.0.21'
Driver info: org.openqa.selenium.chrome.ChromeDriver
Command: [0fb2d9d156968215c8d20fe05227ce23, getAlertText {}]
Capabilities {acceptInsecureCerts: false, browserName: chrome, browserVersion: 134.0.6998.36, chrome: {chromedriverVersion: 134.0.6998.35 (ea6ef4c2ac15..., userDataDir: C:\Users\marii\AppData\Loca...}, fedcm:accounts: true, goog:chromeOptions: {debuggerAddress: localhost:51039}, networkConnectionEnabled: false, pageLoadStrategy: normal, platformName: windows, proxy: Proxy(), se:cdp: ws://localhost:51039/devtoo..., se:cdpVersion: 134.0.6998.36, setWindowRect: true, strictFileInteractability: false, timeouts: {implicit: 0, pageLoad: 300000, script: 30000}, unhandledPromptBehavior: dismiss and notify, webauthn:extension:credBlob: true, webauthn:extension:largeBlob: true, webauthn:extension:minPinLength: true, webauthn:extension:prf: true, webauthn:virtualAuthenticators: true}
Session ID: 0fb2d9d156968215c8d20fe05227ce23
20:31:06.634 INFO  manager.WDListener - *******************
20:31:06.634 INFO  manager.WDListener - Screen with error is--->src/test/screenshots/screen_1709.png
20:31:07.154 INFO  tests.TestBase - Assert check is alert present with error text 'Wrong email or password'
20:31:07.154 INFO  manager.TestNGListener - start test -->loginUnregisteredUser
20:31:07.155 INFO  tests.TestBase - Name of method--->loginWrongEmail
