20:53:04.602 INFO  manager.ApplicationManager - All tests rus in Chrom Browser
20:53:05.132 INFO  manager.WDListener - url -->https://telranedu.web.app/home
20:53:06.145 INFO  manager.ApplicationManager - The link --->https://telranedu.web.app/home
20:53:06.163 INFO  manager.TestNGListener - start test -->Wed Mar 05 20:53:06 IST 2025
20:53:06.203 INFO  tests.TestBase - Name of method--->loginSuccessModel
20:53:11.287 INFO  tests.TestBase - Before method finished logout
20:53:11.290 INFO  manager.TestNGListener - start test -->loginSuccessModel
20:53:11.293 INFO  tests.TestBase - Test data-->User{email='margo@gmail.com', password='Mmar123456$'}
20:53:11.369 INFO  manager.WDListener - Before click element-->a text = LOGIN
20:53:11.789 INFO  manager.WDListener - After click element-->(922, 33) text = LOGIN
20:53:11.789 INFO  manager.HelperBase - Open form by click on button with locator 'By.cssSelector("a[href='/login']")' 
20:53:11.841 INFO  manager.WDListener - Before click element-->input text = 
20:53:11.956 INFO  manager.WDListener - After click element-->(317, 250) text = 
20:53:11.956 INFO  manager.WDListener - clear element -->[[ChromeDriver: chrome on windows (ece97e465d3fc9f1fd07aeea6c103ac3)] -> name: email]
20:53:12.040 INFO  manager.WDListener - sendKys-->input
20:53:12.077 INFO  manager.WDListener - sendKys-->input
20:53:12.131 INFO  manager.WDListener - sendKys-->input
20:53:12.183 INFO  manager.WDListener - Before click element-->input text = 
20:53:12.264 INFO  manager.WDListener - After click element-->(317, 320) text = 
20:53:12.265 INFO  manager.WDListener - clear element -->[[ChromeDriver: chrome on windows (ece97e465d3fc9f1fd07aeea6c103ac3)] -> xpath: //input[last()]]
20:53:12.324 INFO  manager.WDListener - sendKys-->input
20:53:12.353 INFO  manager.WDListener - sendKys-->input
20:53:12.396 INFO  manager.WDListener - sendKys-->input
20:53:12.437 INFO  manager.WDListener - Before click element-->button text = Login
20:53:13.779 INFO  manager.TestNGListener - start test -->loginSuccessModel
20:53:13.780 INFO  tests.TestBase - Name of method--->loginSuccessModel
20:53:13.851 INFO  manager.WDListener - Before click element-->button text = Sign Out
20:53:13.930 INFO  tests.TestBase - Before method finished logout
20:53:13.930 INFO  manager.TestNGListener - start test -->loginSuccessModel
20:53:13.931 INFO  tests.TestBase - Test data-->User{email='mara@gmail.com', password='Mmar123456$'}
20:53:13.977 INFO  manager.WDListener - Before click element-->a text = LOGIN
20:53:14.057 INFO  manager.WDListener - After click element-->(922, 33) text = LOGIN
20:53:14.057 INFO  manager.HelperBase - Open form by click on button with locator 'By.cssSelector("a[href='/login']")' 
20:53:14.095 INFO  manager.WDListener - Before click element-->input text = 
20:53:14.196 INFO  manager.WDListener - After click element-->(317, 250) text = 
20:53:14.196 INFO  manager.WDListener - clear element -->[[ChromeDriver: chrome on windows (ece97e465d3fc9f1fd07aeea6c103ac3)] -> name: email]
20:53:14.264 INFO  manager.WDListener - sendKys-->input
20:53:14.296 INFO  manager.WDListener - sendKys-->input
20:53:14.348 INFO  manager.WDListener - sendKys-->input
20:53:14.377 INFO  manager.WDListener - Before click element-->input text = 
20:53:14.475 INFO  manager.WDListener - After click element-->(317, 320) text = 
20:53:14.475 INFO  manager.WDListener - clear element -->[[ChromeDriver: chrome on windows (ece97e465d3fc9f1fd07aeea6c103ac3)] -> xpath: //input[last()]]
20:53:14.532 INFO  manager.WDListener - sendKys-->input
20:53:14.560 INFO  manager.WDListener - sendKys-->input
20:53:14.606 INFO  manager.WDListener - sendKys-->input
20:53:14.652 INFO  manager.WDListener - Before click element-->button text = Login
20:53:15.093 INFO  manager.TestNGListener - start test -->loginSuccessModel
20:53:15.094 INFO  tests.TestBase - Name of method--->loginSuccessModel
20:53:15.158 INFO  manager.WDListener - Before click element-->button text = Sign Out
20:53:15.231 INFO  tests.TestBase - Before method finished logout
20:53:15.233 INFO  manager.TestNGListener - start test -->loginSuccessModel
20:53:15.233 INFO  tests.TestBase - Test data-->User{email='sonya@gmail.com', password='Ss12345$'}
20:53:15.278 INFO  manager.WDListener - Before click element-->a text = LOGIN
20:53:15.356 INFO  manager.WDListener - After click element-->(922, 33) text = LOGIN
20:53:15.356 INFO  manager.HelperBase - Open form by click on button with locator 'By.cssSelector("a[href='/login']")' 
20:53:15.386 INFO  manager.WDListener - Before click element-->input text = 
20:53:15.473 INFO  manager.WDListener - After click element-->(317, 250) text = 
20:53:15.473 INFO  manager.WDListener - clear element -->[[ChromeDriver: chrome on windows (ece97e465d3fc9f1fd07aeea6c103ac3)] -> name: email]
20:53:15.535 INFO  manager.WDListener - sendKys-->input
20:53:15.573 INFO  manager.WDListener - sendKys-->input
20:53:15.620 INFO  manager.WDListener - sendKys-->input
20:53:15.657 INFO  manager.WDListener - Before click element-->input text = 
20:53:15.750 INFO  manager.WDListener - After click element-->(317, 320) text = 
20:53:15.750 INFO  manager.WDListener - clear element -->[[ChromeDriver: chrome on windows (ece97e465d3fc9f1fd07aeea6c103ac3)] -> xpath: //input[last()]]
20:53:15.817 INFO  manager.WDListener - sendKys-->input
20:53:15.853 INFO  manager.WDListener - sendKys-->input
20:53:15.901 INFO  manager.WDListener - sendKys-->input
20:53:15.934 INFO  manager.WDListener - Before click element-->button text = Login
20:53:16.400 INFO  manager.TestNGListener - start test -->loginSuccessModel
20:53:16.407 INFO  manager.TestNGListener - end test -->Wed Mar 05 20:53:16 IST 2025
