18:27:07.688 INFO  manager.ApplicationManager - All tests rus in Chrom Browser
18:27:08.590 INFO  manager.WDListener - url -->https://telranedu.web.app/home
18:27:09.209 INFO  manager.ApplicationManager - The link --->https://telranedu.web.app/home
18:27:09.257 INFO  tests.TestBase - Name of method--->loginSuccess
18:27:14.302 INFO  tests.TestBase - Before method finished logout
18:27:14.305 INFO  tests.TestBase - Start test with name 'loginSuccess'
18:27:14.403 INFO  manager.WDListener - Before click element-->a text = LOGIN
18:27:14.546 INFO  manager.WDListener - After click element-->a text = LOGIN
18:27:14.546 INFO  manager.HelperBase - Open form by click on button with locator 'By.cssSelector("a[href='/login']")' 
18:27:14.607 INFO  manager.WDListener - Before click element-->input text = 
18:27:14.743 INFO  manager.WDListener - After click element-->input text = 
18:27:14.744 INFO  manager.WDListener - clear element -->[[ChromeDriver: chrome on windows (4212b5a40353aa767bd56c3c36abd8ef)] -> name: email]
18:27:14.849 INFO  manager.WDListener - sendKys-->input
18:27:14.900 INFO  manager.WDListener - sendKys-->input
18:27:14.954 INFO  manager.WDListener - sendKys-->input
18:27:14.954 INFO  manager.HelperBase - Type in input with locator 'By.name("email")' 
18:27:14.998 INFO  manager.WDListener - Before click element-->input text = 
18:27:15.088 INFO  manager.WDListener - After click element-->input text = 
18:27:15.088 INFO  manager.WDListener - clear element -->[[ChromeDriver: chrome on windows (4212b5a40353aa767bd56c3c36abd8ef)] -> xpath: //input[last()]]
18:27:15.168 INFO  manager.WDListener - sendKys-->input
18:27:15.217 INFO  manager.WDListener - sendKys-->input
18:27:15.277 INFO  manager.WDListener - sendKys-->input
18:27:15.278 INFO  tests.TestBase - Test data --> email: 'mara@gmail.com' & password: 'Mmar123456$'
18:27:15.329 INFO  manager.WDListener - Before click element-->button text = Login
18:27:16.408 INFO  tests.TestBase - Assert check is element button 'Sign out' present
18:27:16.413 INFO  tests.TestBase - Name of method--->loginSuccessModel
18:27:16.519 INFO  manager.WDListener - Before click element-->button text = Sign Out
18:27:16.643 INFO  tests.TestBase - Before method finished logout
18:27:16.736 INFO  manager.WDListener - Before click element-->a text = LOGIN
18:27:16.845 INFO  manager.WDListener - After click element-->a text = LOGIN
18:27:16.846 INFO  manager.HelperBase - Open form by click on button with locator 'By.cssSelector("a[href='/login']")' 
18:27:16.901 INFO  manager.WDListener - Before click element-->input text = 
18:27:17.092 INFO  manager.WDListener - After click element-->input text = 
18:27:17.093 INFO  manager.WDListener - clear element -->[[ChromeDriver: chrome on windows (4212b5a40353aa767bd56c3c36abd8ef)] -> name: email]
18:27:17.173 INFO  manager.WDListener - sendKys-->input
18:27:17.221 INFO  manager.WDListener - sendKys-->input
18:27:17.294 INFO  manager.WDListener - sendKys-->input
18:27:17.294 INFO  manager.HelperBase - Type in input with locator 'By.name("email")' 
18:27:17.367 INFO  manager.WDListener - Before click element-->input text = 
18:27:17.542 INFO  manager.WDListener - After click element-->input text = 
18:27:17.543 INFO  manager.WDListener - clear element -->[[ChromeDriver: chrome on windows (4212b5a40353aa767bd56c3c36abd8ef)] -> xpath: //input[last()]]
18:27:17.642 INFO  manager.WDListener - sendKys-->input
18:27:17.694 INFO  manager.WDListener - sendKys-->input
18:27:17.814 INFO  manager.WDListener - sendKys-->input
18:27:17.908 INFO  manager.WDListener - Before click element-->button text = Login
18:27:18.324 INFO  tests.TestBase - Name of method--->loginUnregisteredUser
18:27:18.445 INFO  manager.WDListener - Before click element-->button text = Sign Out
18:27:18.559 INFO  tests.TestBase - Before method finished logout
18:27:18.559 INFO  tests.TestBase - Test data --> email: 'maaa@gmail.com' & password: 'Maa123456$'
18:27:18.641 INFO  manager.WDListener - Before click element-->a text = LOGIN
18:27:18.778 INFO  manager.WDListener - After click element-->a text = LOGIN
18:27:18.780 INFO  manager.HelperBase - Open form by click on button with locator 'By.cssSelector("a[href='/login']")' 
18:27:18.831 INFO  manager.WDListener - Before click element-->input text = 
18:27:18.969 INFO  manager.WDListener - After click element-->input text = 
18:27:18.969 INFO  manager.WDListener - clear element -->[[ChromeDriver: chrome on windows (4212b5a40353aa767bd56c3c36abd8ef)] -> name: email]
18:27:19.039 INFO  manager.WDListener - sendKys-->input
18:27:19.082 INFO  manager.WDListener - sendKys-->input
18:27:19.146 INFO  manager.WDListener - sendKys-->input
18:27:19.147 INFO  manager.HelperBase - Type in input with locator 'By.name("email")' 
18:27:19.196 INFO  manager.WDListener - Before click element-->input text = 
18:27:19.330 INFO  manager.WDListener - After click element-->input text = 
18:27:19.330 INFO  manager.WDListener - clear element -->[[ChromeDriver: chrome on windows (4212b5a40353aa767bd56c3c36abd8ef)] -> xpath: //input[last()]]
18:27:19.409 INFO  manager.WDListener - sendKys-->input
18:27:19.450 INFO  manager.WDListener - sendKys-->input
18:27:19.520 INFO  manager.WDListener - sendKys-->input
18:27:19.567 INFO  manager.WDListener - Before click element-->button text = Login
18:27:20.227 INFO  tests.TestBase - Assert check is alert present with error text 'Wrong email or password'
18:27:20.229 INFO  tests.TestBase - Name of method--->loginWrongEmail
18:27:25.273 INFO  tests.TestBase - Before method finished logout
18:27:25.273 INFO  tests.TestBase - Test data --> email: 'maragmail.com' & password: 'Mmar123456$'
18:27:25.318 INFO  manager.WDListener - Before click element-->a text = LOGIN
18:27:25.423 INFO  manager.WDListener - After click element-->a text = LOGIN
18:27:25.423 INFO  manager.HelperBase - Open form by click on button with locator 'By.cssSelector("a[href='/login']")' 
18:27:25.474 INFO  manager.WDListener - Before click element-->input text = 
18:27:25.563 INFO  manager.WDListener - After click element-->input text = 
18:27:25.564 INFO  manager.WDListener - clear element -->[[ChromeDriver: chrome on windows (4212b5a40353aa767bd56c3c36abd8ef)] -> name: email]
18:27:25.663 INFO  manager.WDListener - sendKys-->input
18:27:25.709 INFO  manager.WDListener - sendKys-->input
18:27:25.770 INFO  manager.WDListener - sendKys-->input
18:27:25.770 INFO  manager.HelperBase - Type in input with locator 'By.name("email")' 
18:27:25.814 INFO  manager.WDListener - Before click element-->input text = 
18:27:25.891 INFO  manager.WDListener - After click element-->input text = 
18:27:25.892 INFO  manager.WDListener - clear element -->[[ChromeDriver: chrome on windows (4212b5a40353aa767bd56c3c36abd8ef)] -> xpath: //input[last()]]
18:27:25.995 INFO  manager.WDListener - sendKys-->input
18:27:26.023 INFO  manager.WDListener - sendKys-->input
18:27:26.083 INFO  manager.WDListener - sendKys-->input
18:27:26.125 INFO  manager.WDListener - Before click element-->button text = Login
18:27:27.237 INFO  tests.TestBase - Assert check is alert present with error text 'Wrong email or password'
18:27:27.238 INFO  tests.TestBase - Name of method--->loginWrongPassword
18:27:32.287 INFO  tests.TestBase - Before method finished logout
18:27:32.287 INFO  tests.TestBase - Test data --> email: 'mara@gmail.com' & password: 'Mmar123'
18:27:32.320 INFO  manager.WDListener - Before click element-->a text = LOGIN
18:27:32.416 INFO  manager.WDListener - After click element-->a text = LOGIN
18:27:32.417 INFO  manager.HelperBase - Open form by click on button with locator 'By.cssSelector("a[href='/login']")' 
18:27:32.460 INFO  manager.WDListener - Before click element-->input text = 
18:27:32.529 INFO  manager.WDListener - After click element-->input text = 
18:27:32.529 INFO  manager.WDListener - clear element -->[[ChromeDriver: chrome on windows (4212b5a40353aa767bd56c3c36abd8ef)] -> name: email]
18:27:32.607 INFO  manager.WDListener - sendKys-->input
18:27:32.640 INFO  manager.WDListener - sendKys-->input
18:27:32.692 INFO  manager.WDListener - sendKys-->input
18:27:32.693 INFO  manager.HelperBase - Type in input with locator 'By.name("email")' 
18:27:32.738 INFO  manager.WDListener - Before click element-->input text = 
18:27:32.860 INFO  manager.WDListener - After click element-->input text = 
18:27:32.861 INFO  manager.WDListener - clear element -->[[ChromeDriver: chrome on windows (4212b5a40353aa767bd56c3c36abd8ef)] -> xpath: //input[last()]]
18:27:32.952 INFO  manager.WDListener - sendKys-->input
18:27:32.981 INFO  manager.WDListener - sendKys-->input
18:27:33.029 INFO  manager.WDListener - sendKys-->input
18:27:33.065 INFO  manager.WDListener - Before click element-->button text = Login
18:27:33.680 INFO  tests.TestBase - Assert check is alert present with error text 'Wrong email or password'
